[00:31:05] [main/INFO] [com.velocitypowered.proxy.VelocityServer]: Booting up Velocity 3.4.0-SNAPSHOT (git-21ecd344-b509)...
[00:31:05] [main/INFO] [com.velocitypowered.proxy.VelocityServer]: Loading localizations...
[00:31:06] [main/INFO] [com.velocitypowered.proxy.network.ConnectionManager]: Connections will use epoll channels, libdeflate (Linux x86_64) compression, OpenSSL 1.1.x (Linux x86_64) ciphers
[00:31:06] [main/WARN] [com.velocitypowered.proxy.config.VelocityConfiguration]: The proxy is running in offline mode! This is a security risk and you will NOT receive any support!
[00:31:06] [main/INFO] [com.velocitypowered.proxy.VelocityServer]: Loading plugins...
[00:31:06] [main/INFO] [eaglerxserver]: Loading EaglercraftXServer 1.0.6...
[00:31:06] [main/INFO] [eaglerxserver]: (Platform: Velocity)
[00:31:06] [main/INFO] [eaglerxserver]: Server Name: "EaglercraftXServer"
[00:31:06] [main/ERROR] [eaglerxserver]: Could not load server icon: server-icon.png
javax.imageio.IIOException: Can't read input file!
	at java.desktop/javax.imageio.ImageIO.read(ImageIO.java:1308) ~[?:?]
	at net.lax1dude.eaglercraft.backend.server.base.ServerIconLoader.loadServerIcon(ServerIconLoader.java:112) ~[?:?]
	at net.lax1dude.eaglercraft.backend.server.base.ServerIconLoader$1.loadServerIcon(ServerIconLoader.java:51) ~[?:?]
	at net.lax1dude.eaglercraft.backend.server.base.EaglerListener.<init>(EaglerListener.java:90) ~[?:?]
	at net.lax1dude.eaglercraft.backend.server.base.EaglerListener.<init>(EaglerListener.java:58) ~[?:?]
	at net.lax1dude.eaglercraft.backend.server.base.EaglerXServer.loadProxying(EaglerXServer.java:355) ~[?:?]
	at net.lax1dude.eaglercraft.backend.server.base.EaglerXServer.load(EaglerXServer.java:339) ~[?:?]
	at net.lax1dude.eaglercraft.backend.server.velocity.PlatformPluginVelocity.<init>(PlatformPluginVelocity.java:255) ~[?:?]
	at net.lax1dude.eaglercraft.backend.server.velocity.PlatformPluginVelocity$$FastClassByGuice$$db7c5.GUICE$TRAMPOLINE(<generated>) ~[?:?]
	at net.lax1dude.eaglercraft.backend.server.velocity.PlatformPluginVelocity$$FastClassByGuice$$db7c5.apply(<generated>) ~[?:?]
	at com.google.inject.internal.DefaultConstructionProxyFactory$FastClassProxy.newInstance(DefaultConstructionProxyFactory.java:82) ~[server.jar:3.4.0-SNAPSHOT (git-21ecd344-b509)]
	at com.google.inject.internal.ConstructorInjector.provision(ConstructorInjector.java:114) ~[server.jar:3.4.0-SNAPSHOT (git-21ecd344-b509)]
	at com.google.inject.internal.ConstructorInjector.construct(ConstructorInjector.java:91) ~[server.jar:3.4.0-SNAPSHOT (git-21ecd344-b509)]
	at com.google.inject.internal.ConstructorBindingImpl$Factory.get(ConstructorBindingImpl.java:300) ~[server.jar:3.4.0-SNAPSHOT (git-21ecd344-b509)]
	at com.google.inject.internal.ProviderToInternalFactoryAdapter.get(ProviderToInternalFactoryAdapter.java:40) ~[server.jar:3.4.0-SNAPSHOT (git-21ecd344-b509)]
	at com.google.inject.internal.SingletonScope$1.get(SingletonScope.java:169) ~[server.jar:3.4.0-SNAPSHOT (git-21ecd344-b509)]
	at com.google.inject.internal.InternalFactoryToProviderAdapter.get(InternalFactoryToProviderAdapter.java:45) ~[server.jar:3.4.0-SNAPSHOT (git-21ecd344-b509)]
	at com.google.inject.internal.InjectorImpl$1.get(InjectorImpl.java:1148) ~[server.jar:3.4.0-SNAPSHOT (git-21ecd344-b509)]
	at com.google.inject.internal.InjectorImpl.getInstance(InjectorImpl.java:1186) ~[server.jar:3.4.0-SNAPSHOT (git-21ecd344-b509)]
	at com.velocitypowered.proxy.plugin.loader.java.JavaPluginLoader.createPlugin(JavaPluginLoader.java:131) ~[server.jar:3.4.0-SNAPSHOT (git-21ecd344-b509)]
	at com.velocitypowered.proxy.plugin.VelocityPluginManager.loadPlugins(VelocityPluginManager.java:173) ~[server.jar:3.4.0-SNAPSHOT (git-21ecd344-b509)]
	at com.velocitypowered.proxy.VelocityServer.loadPlugins(VelocityServer.java:433) ~[server.jar:3.4.0-SNAPSHOT (git-21ecd344-b509)]
	at com.velocitypowered.proxy.VelocityServer.start(VelocityServer.java:304) ~[server.jar:3.4.0-SNAPSHOT (git-21ecd344-b509)]
	at com.velocitypowered.proxy.Velocity.main(Velocity.java:76) ~[server.jar:3.4.0-SNAPSHOT (git-21ecd344-b509)]
[00:31:07] [main/INFO] [com.velocitypowered.proxy.plugin.VelocityPluginManager]: Loaded plugin eaglerxserver 1.0.6 by lax1dude
[00:31:07] [main/INFO] [com.velocitypowered.proxy.plugin.VelocityPluginManager]: Loaded plugin nlogin 10.4.23 by NickUC
[00:31:07] [main/INFO] [com.velocitypowered.proxy.VelocityServer]: Loaded 3 plugins
[00:31:07] [EaglercraftXServer - Task Executor #0/WARN] [com.velocitypowered.proxy.network.ConnectionManager]: The server channel initializer has been replaced by java.base/jdk.internal.reflect.DirectMethodHandleAccessor.invoke(DirectMethodHandleAccessor.java:103)
[00:31:07] [EaglercraftXServer - Task Executor #0/INFO] [eaglerxserver]: Enabling EaglercraftXServer 1.0.6...
[00:31:07] [EaglercraftXServer - Task Executor #0/INFO] [eaglerxserver]: Connecting to skin cache database "jdbc:sqlite:eagler_skins_cache.db"...
[00:31:07] [EaglercraftXServer - Task Executor #0/INFO] [eaglerxserver]: Connected to skin cache database successfully!
[00:31:08] [Netty epoll Worker #0/INFO] [eaglerxserver]: You are running the latest version of EaglerXServer
[00:31:09] [EaglercraftXServer - Task Executor #0/INFO] [nlogin]: Successful plugin core start (took 0.75s)
[00:31:09] [EaglercraftXServer - Task Executor #0/INFO] [com.velocitypowered.proxy.console.VelocityConsole]:           __             _       
[00:31:09] [EaglercraftXServer - Task Executor #0/INFO] [com.velocitypowered.proxy.console.VelocityConsole]:   _ __   / /  ___   __ _(_)_ __  
[00:31:09] [EaglercraftXServer - Task Executor #0/INFO] [com.velocitypowered.proxy.console.VelocityConsole]:  | '_ \ / /  / _ \ / _` | | '_ \ 
[00:31:09] [EaglercraftXServer - Task Executor #0/INFO] [com.velocitypowered.proxy.console.VelocityConsole]:  | | | / /__| (_) | (_| | | | | |
[00:31:09] [EaglercraftXServer - Task Executor #0/INFO] [com.velocitypowered.proxy.console.VelocityConsole]:  |_| |_\____/\___/ \__, |_|_| |_|
[00:31:09] [EaglercraftXServer - Task Executor #0/INFO] [com.velocitypowered.proxy.console.VelocityConsole]:                   |___/            
[00:31:09] [EaglercraftXServer - Task Executor #0/INFO] [com.velocitypowered.proxy.console.VelocityConsole]:  By: www.nickuc.com - V 10.4.23 DEVELOPMENT
[00:31:09] [EaglercraftXServer - Task Executor #0/INFO] [com.velocitypowered.proxy.console.VelocityConsole]:  
[00:31:10] [Netty epoll Boss #0/INFO] [eaglerxserver]: Listener "listener0" injected into channel [id: 0x15ef62e3, L:/[0:0:0:0:0:0:0:0]:25566] successfully (Velocity method)
[00:31:10] [Netty epoll Boss #0/INFO] [com.velocitypowered.proxy.network.ConnectionManager]: Listening on /[0:0:0:0:0:0:0:0]:25566
[00:31:10] [main/INFO] [com.velocitypowered.proxy.Velocity]: Done (5.27s)!
[00:31:15] [nLogin - Task Executor #0/INFO] [com.velocitypowered.proxy.console.VelocityConsole]: 
[00:31:15] [nLogin - Task Executor #0/INFO] [com.velocitypowered.proxy.console.VelocityConsole]:  Thank you so much for choosing nLogin! <3
[00:31:15] [nLogin - Task Executor #0/INFO] [com.velocitypowered.proxy.console.VelocityConsole]: 
[00:31:15] [nLogin - Task Executor #0/INFO] [com.velocitypowered.proxy.console.VelocityConsole]:  For your safety, please read the message below:
[00:31:15] [nLogin - Task Executor #0/INFO] [com.velocitypowered.proxy.console.VelocityConsole]:   Never download nLogin from unknown sources.
[00:31:15] [nLogin - Task Executor #0/INFO] [com.velocitypowered.proxy.console.VelocityConsole]:   A modified version may contain malicious software.
[00:31:15] [nLogin - Task Executor #0/INFO] [com.velocitypowered.proxy.console.VelocityConsole]: 
[00:31:15] [nLogin - Task Executor #0/INFO] [com.velocitypowered.proxy.console.VelocityConsole]:  Trusted sources:
[00:31:15] [nLogin - Task Executor #0/INFO] [com.velocitypowered.proxy.console.VelocityConsole]:   www.nickuc.com
[00:31:15] [nLogin - Task Executor #0/INFO] [com.velocitypowered.proxy.console.VelocityConsole]:   www.github.com/nickuc
[00:31:15] [nLogin - Task Executor #0/INFO] [com.velocitypowered.proxy.console.VelocityConsole]:   OpeNLogin installer (from Spigot or GitHub)
[00:31:15] [nLogin - Task Executor #0/INFO] [com.velocitypowered.proxy.console.VelocityConsole]: 
[00:31:15] [nLogin - Task Executor #0/INFO] [com.velocitypowered.proxy.console.VelocityConsole]:  Official support channels:
[00:31:15] [nLogin - Task Executor #0/INFO] [com.velocitypowered.proxy.console.VelocityConsole]:   Discord group: www.nickuc.com/discord
[00:31:15] [nLogin - Task Executor #0/INFO] [com.velocitypowered.proxy.console.VelocityConsole]:   Documentation: docs.nickuc.com/nlogin/
[00:31:15] [nLogin - Task Executor #0/INFO] [com.velocitypowered.proxy.console.VelocityConsole]:   Email: support@nickuc.com
[00:31:15] [nLogin - Task Executor #0/INFO] [com.velocitypowered.proxy.console.VelocityConsole]:   YouTube: youtube.com/nickuc
[00:31:15] [nLogin - Task Executor #0/INFO] [com.velocitypowered.proxy.console.VelocityConsole]: 
[00:31:15] [nLogin - Task Executor #0/INFO] [com.velocitypowered.proxy.console.VelocityConsole]:  To remove this warning, log in with "nlogin.admin" permission on the server
[00:31:15] [nLogin - Task Executor #0/INFO] [com.velocitypowered.proxy.console.VelocityConsole]:  and click the "Setup plugin" button to configure your plugin.
[00:31:15] [nLogin - Task Executor #0/INFO] [com.velocitypowered.proxy.console.VelocityConsole]: 
[00:37:23] [Netty epoll Worker #0/INFO] [com.velocitypowered.proxy.connection.client.AuthSessionHandler]: [connected player] YeeVigg1211 (/[0:0:0:0:0:0:0:1]:57092) has connected
[00:37:23] [Netty epoll Worker #0/INFO] [com.velocitypowered.proxy.connection.MinecraftConnection]: [server connection] YeeVigg1211 -> limbo has connected
[00:37:30] [nLogin - Task Executor #0/INFO] [nlogin]: The user YeeVigg1211 has successfully registered.
[00:37:30] [Netty epoll Worker #0/INFO] [com.velocitypowered.proxy.connection.MinecraftConnection]: [server connection] YeeVigg1211 -> survival has connected
[00:37:44] [Netty epoll Worker #0/INFO] [com.velocitypowered.proxy.connection.MinecraftConnection]: [connected player] YeeVigg1211 (/[0:0:0:0:0:0:0:1]:57092) has disconnected
[00:37:44] [Netty epoll Worker #0/INFO] [com.velocitypowered.proxy.connection.MinecraftConnection]: [server connection] YeeVigg1211 -> survival has disconnected
[00:37:44] [Netty epoll Worker #0/INFO] [com.velocitypowered.proxy.connection.MinecraftConnection]: [server connection] YeeVigg1211 -> limbo has disconnected
[00:39:55] [Netty epoll Worker #2/INFO] [com.velocitypowered.proxy.connection.client.AuthSessionHandler]: [connected player] YeeVigg1211 (/[0:0:0:0:0:0:0:1]:46512) has connected
[00:39:55] [Netty epoll Worker #2/INFO] [com.velocitypowered.proxy.connection.MinecraftConnection]: [server connection] YeeVigg1211 -> limbo has connected
[00:39:58] [nLogin - Task Executor #5/INFO] [nlogin]: The user YeeVigg1211 has successfully logged in.
[00:39:58] [Netty epoll Worker #2/INFO] [com.velocitypowered.proxy.connection.MinecraftConnection]: [server connection] YeeVigg1211 -> survival has connected
[00:39:58] [Netty epoll Worker #2/INFO] [com.velocitypowered.proxy.connection.MinecraftConnection]: [server connection] YeeVigg1211 -> survival has disconnected
[00:39:58] [Netty epoll Worker #2/ERROR] [com.velocitypowered.proxy.connection.client.ConnectedPlayer]: [connected player] YeeVigg1211 (/[0:0:0:0:0:0:0:1]:46512): disconnected while connecting to survival: Unknown data in login hostname, did you forget to enable BungeeCord in spigot.yml?
[00:40:02] [Netty epoll Worker #2/INFO] [com.velocitypowered.proxy.connection.MinecraftConnection]: [connected player] YeeVigg1211 (/[0:0:0:0:0:0:0:1]:46512) has disconnected
[00:40:02] [Netty epoll Worker #2/INFO] [com.velocitypowered.proxy.connection.MinecraftConnection]: [server connection] YeeVigg1211 -> limbo has disconnected
[00:45:03] [Netty epoll Worker #0/INFO] [com.velocitypowered.proxy.connection.client.AuthSessionHandler]: [connected player] YeeVigg1211 (/[0:0:0:0:0:0:0:1]:56020) has connected
[00:45:03] [Netty epoll Worker #0/INFO] [com.velocitypowered.proxy.connection.MinecraftConnection]: [server connection] YeeVigg1211 -> limbo has connected
[00:45:06] [nLogin - Task Executor #6/INFO] [nlogin]: The user YeeVigg1211 has successfully logged in.
[00:45:07] [Netty epoll Worker #0/INFO] [com.velocitypowered.proxy.connection.MinecraftConnection]: [server connection] YeeVigg1211 -> survival has connected
[00:45:09] [Netty epoll Worker #0/ERROR] [com.velocitypowered.proxy.connection.MinecraftConnection]: [server connection] YeeVigg1211 -> survival: exception encountered in com.velocitypowered.proxy.connection.backend.LoginSessionHandler@6eb27605
java.lang.IllegalStateException: Backend server is online-mode!
	at com.velocitypowered.proxy.connection.backend.LoginSessionHandler.handle(LoginSessionHandler.java:79) ~[server.jar:3.4.0-SNAPSHOT (git-21ecd344-b509)]
	at com.velocitypowered.proxy.protocol.packet.EncryptionRequestPacket.handle(EncryptionRequestPacket.java:94) ~[server.jar:3.4.0-SNAPSHOT (git-21ecd344-b509)]
	at com.velocitypowered.proxy.connection.MinecraftConnection.channelRead(MinecraftConnection.java:155) ~[server.jar:3.4.0-SNAPSHOT (git-21ecd344-b509)]
	at io.netty.channel.AbstractChannelHandlerContext.fireChannelRead(AbstractChannelHandlerContext.java:359) ~[server.jar:3.4.0-SNAPSHOT (git-21ecd344-b509)]
	at com.velocitypowered.proxy.protocol.netty.AutoReadHolderHandler.channelRead(AutoReadHolderHandler.java:57) ~[server.jar:3.4.0-SNAPSHOT (git-21ecd344-b509)]
	at io.netty.channel.AbstractChannelHandlerContext.fireChannelRead(AbstractChannelHandlerContext.java:357) ~[server.jar:3.4.0-SNAPSHOT (git-21ecd344-b509)]
	at com.velocitypowered.proxy.protocol.netty.MinecraftDecoder.tryDecode(MinecraftDecoder.java:91) ~[server.jar:3.4.0-SNAPSHOT (git-21ecd344-b509)]
	at com.velocitypowered.proxy.protocol.netty.MinecraftDecoder.channelRead(MinecraftDecoder.java:60) ~[server.jar:3.4.0-SNAPSHOT (git-21ecd344-b509)]
	at io.netty.channel.AbstractChannelHandlerContext.fireChannelRead(AbstractChannelHandlerContext.java:359) ~[server.jar:3.4.0-SNAPSHOT (git-21ecd344-b509)]
	at io.netty.handler.timeout.IdleStateHandler.channelRead(IdleStateHandler.java:289) ~[server.jar:3.4.0-SNAPSHOT (git-21ecd344-b509)]
	at io.netty.channel.AbstractChannelHandlerContext.fireChannelRead(AbstractChannelHandlerContext.java:357) ~[server.jar:3.4.0-SNAPSHOT (git-21ecd344-b509)]
	at io.netty.handler.codec.ByteToMessageDecoder.fireChannelRead(ByteToMessageDecoder.java:346) ~[server.jar:3.4.0-SNAPSHOT (git-21ecd344-b509)]
	at io.netty.handler.codec.ByteToMessageDecoder.channelRead(ByteToMessageDecoder.java:318) ~[server.jar:3.4.0-SNAPSHOT (git-21ecd344-b509)]
	at io.netty.channel.AbstractChannelHandlerContext.fireChannelRead(AbstractChannelHandlerContext.java:359) ~[server.jar:3.4.0-SNAPSHOT (git-21ecd344-b509)]
	at io.netty.channel.DefaultChannelPipeline$HeadContext.channelRead(DefaultChannelPipeline.java:1429) ~[server.jar:3.4.0-SNAPSHOT (git-21ecd344-b509)]
	at io.netty.channel.DefaultChannelPipeline.fireChannelRead(DefaultChannelPipeline.java:918) ~[server.jar:3.4.0-SNAPSHOT (git-21ecd344-b509)]
	at io.netty.channel.epoll.AbstractEpollStreamChannel$EpollStreamUnsafe.epollInReady(AbstractEpollStreamChannel.java:793) ~[server.jar:3.4.0-SNAPSHOT (git-21ecd344-b509)]
	at io.netty.channel.epoll.AbstractEpollChannel$AbstractEpollUnsafe.handle(AbstractEpollChannel.java:471) ~[server.jar:3.4.0-SNAPSHOT (git-21ecd344-b509)]
	at io.netty.channel.epoll.EpollIoHandler$DefaultEpollIoRegistration.handle(EpollIoHandler.java:307) ~[server.jar:3.4.0-SNAPSHOT (git-21ecd344-b509)]
	at io.netty.channel.epoll.EpollIoHandler.processReady(EpollIoHandler.java:489) ~[server.jar:3.4.0-SNAPSHOT (git-21ecd344-b509)]
	at io.netty.channel.epoll.EpollIoHandler.run(EpollIoHandler.java:444) ~[server.jar:3.4.0-SNAPSHOT (git-21ecd344-b509)]
	at io.netty.channel.SingleThreadIoEventLoop.runIo(SingleThreadIoEventLoop.java:204) ~[server.jar:3.4.0-SNAPSHOT (git-21ecd344-b509)]
	at io.netty.channel.SingleThreadIoEventLoop.run(SingleThreadIoEventLoop.java:175) ~[server.jar:3.4.0-SNAPSHOT (git-21ecd344-b509)]
	at io.netty.util.concurrent.SingleThreadEventExecutor$5.run(SingleThreadEventExecutor.java:1073) ~[server.jar:3.4.0-SNAPSHOT (git-21ecd344-b509)]
	at io.netty.util.internal.ThreadExecutorMap$2.run(ThreadExecutorMap.java:74) ~[server.jar:3.4.0-SNAPSHOT (git-21ecd344-b509)]
	at io.netty.util.concurrent.FastThreadLocalRunnable.run(FastThreadLocalRunnable.java:30) ~[server.jar:3.4.0-SNAPSHOT (git-21ecd344-b509)]
	at java.base/java.lang.Thread.run(Thread.java:1583) [?:?]
[00:45:09] [Netty epoll Worker #0/INFO] [com.velocitypowered.proxy.connection.MinecraftConnection]: [server connection] YeeVigg1211 -> survival has disconnected
[00:45:09] [Netty epoll Worker #0/ERROR] [com.velocitypowered.proxy.connection.client.ConnectedPlayer]: [connected player] YeeVigg1211 (/[0:0:0:0:0:0:0:1]:56020): unable to connect to server survival
java.lang.IllegalStateException: Backend server is online-mode!
	at com.velocitypowered.proxy.connection.backend.LoginSessionHandler.handle(LoginSessionHandler.java:79) ~[server.jar:3.4.0-SNAPSHOT (git-21ecd344-b509)]
	at com.velocitypowered.proxy.protocol.packet.EncryptionRequestPacket.handle(EncryptionRequestPacket.java:94) ~[server.jar:3.4.0-SNAPSHOT (git-21ecd344-b509)]
	at com.velocitypowered.proxy.connection.MinecraftConnection.channelRead(MinecraftConnection.java:155) ~[server.jar:3.4.0-SNAPSHOT (git-21ecd344-b509)]
	at io.netty.channel.AbstractChannelHandlerContext.fireChannelRead(AbstractChannelHandlerContext.java:359) ~[server.jar:3.4.0-SNAPSHOT (git-21ecd344-b509)]
	at com.velocitypowered.proxy.protocol.netty.AutoReadHolderHandler.channelRead(AutoReadHolderHandler.java:57) ~[server.jar:3.4.0-SNAPSHOT (git-21ecd344-b509)]
	at io.netty.channel.AbstractChannelHandlerContext.fireChannelRead(AbstractChannelHandlerContext.java:357) ~[server.jar:3.4.0-SNAPSHOT (git-21ecd344-b509)]
	at com.velocitypowered.proxy.protocol.netty.MinecraftDecoder.tryDecode(MinecraftDecoder.java:91) ~[server.jar:3.4.0-SNAPSHOT (git-21ecd344-b509)]
	at com.velocitypowered.proxy.protocol.netty.MinecraftDecoder.channelRead(MinecraftDecoder.java:60) ~[server.jar:3.4.0-SNAPSHOT (git-21ecd344-b509)]
	at io.netty.channel.AbstractChannelHandlerContext.fireChannelRead(AbstractChannelHandlerContext.java:359) ~[server.jar:3.4.0-SNAPSHOT (git-21ecd344-b509)]
	at io.netty.handler.timeout.IdleStateHandler.channelRead(IdleStateHandler.java:289) ~[server.jar:3.4.0-SNAPSHOT (git-21ecd344-b509)]
	at io.netty.channel.AbstractChannelHandlerContext.fireChannelRead(AbstractChannelHandlerContext.java:357) ~[server.jar:3.4.0-SNAPSHOT (git-21ecd344-b509)]
	at io.netty.handler.codec.ByteToMessageDecoder.fireChannelRead(ByteToMessageDecoder.java:346) ~[server.jar:3.4.0-SNAPSHOT (git-21ecd344-b509)]
	at io.netty.handler.codec.ByteToMessageDecoder.channelRead(ByteToMessageDecoder.java:318) ~[server.jar:3.4.0-SNAPSHOT (git-21ecd344-b509)]
	at io.netty.channel.AbstractChannelHandlerContext.fireChannelRead(AbstractChannelHandlerContext.java:359) ~[server.jar:3.4.0-SNAPSHOT (git-21ecd344-b509)]
	at io.netty.channel.DefaultChannelPipeline$HeadContext.channelRead(DefaultChannelPipeline.java:1429) ~[server.jar:3.4.0-SNAPSHOT (git-21ecd344-b509)]
	at io.netty.channel.DefaultChannelPipeline.fireChannelRead(DefaultChannelPipeline.java:918) ~[server.jar:3.4.0-SNAPSHOT (git-21ecd344-b509)]
	at io.netty.channel.epoll.AbstractEpollStreamChannel$EpollStreamUnsafe.epollInReady(AbstractEpollStreamChannel.java:793) ~[server.jar:3.4.0-SNAPSHOT (git-21ecd344-b509)]
	at io.netty.channel.epoll.AbstractEpollChannel$AbstractEpollUnsafe.handle(AbstractEpollChannel.java:471) ~[server.jar:3.4.0-SNAPSHOT (git-21ecd344-b509)]
	at io.netty.channel.epoll.EpollIoHandler$DefaultEpollIoRegistration.handle(EpollIoHandler.java:307) ~[server.jar:3.4.0-SNAPSHOT (git-21ecd344-b509)]
	at io.netty.channel.epoll.EpollIoHandler.processReady(EpollIoHandler.java:489) ~[server.jar:3.4.0-SNAPSHOT (git-21ecd344-b509)]
	at io.netty.channel.epoll.EpollIoHandler.run(EpollIoHandler.java:444) ~[server.jar:3.4.0-SNAPSHOT (git-21ecd344-b509)]
	at io.netty.channel.SingleThreadIoEventLoop.runIo(SingleThreadIoEventLoop.java:204) ~[server.jar:3.4.0-SNAPSHOT (git-21ecd344-b509)]
	at io.netty.channel.SingleThreadIoEventLoop.run(SingleThreadIoEventLoop.java:175) ~[server.jar:3.4.0-SNAPSHOT (git-21ecd344-b509)]
	at io.netty.util.concurrent.SingleThreadEventExecutor$5.run(SingleThreadEventExecutor.java:1073) ~[server.jar:3.4.0-SNAPSHOT (git-21ecd344-b509)]
	at io.netty.util.internal.ThreadExecutorMap$2.run(ThreadExecutorMap.java:74) ~[server.jar:3.4.0-SNAPSHOT (git-21ecd344-b509)]
	at io.netty.util.concurrent.FastThreadLocalRunnable.run(FastThreadLocalRunnable.java:30) ~[server.jar:3.4.0-SNAPSHOT (git-21ecd344-b509)]
	at java.base/java.lang.Thread.run(Thread.java:1583) [?:?]
[00:45:13] [Netty epoll Worker #0/INFO] [com.velocitypowered.proxy.connection.MinecraftConnection]: [server connection] YeeVigg1211 -> survival has connected
[00:45:13] [Netty epoll Worker #0/ERROR] [com.velocitypowered.proxy.connection.MinecraftConnection]: [server connection] YeeVigg1211 -> survival: exception encountered in com.velocitypowered.proxy.connection.backend.LoginSessionHandler@35068f8c
java.lang.IllegalStateException: Backend server is online-mode!
	at com.velocitypowered.proxy.connection.backend.LoginSessionHandler.handle(LoginSessionHandler.java:79) ~[server.jar:3.4.0-SNAPSHOT (git-21ecd344-b509)]
	at com.velocitypowered.proxy.protocol.packet.EncryptionRequestPacket.handle(EncryptionRequestPacket.java:94) ~[server.jar:3.4.0-SNAPSHOT (git-21ecd344-b509)]
	at com.velocitypowered.proxy.connection.MinecraftConnection.channelRead(MinecraftConnection.java:155) ~[server.jar:3.4.0-SNAPSHOT (git-21ecd344-b509)]
	at io.netty.channel.AbstractChannelHandlerContext.fireChannelRead(AbstractChannelHandlerContext.java:359) ~[server.jar:3.4.0-SNAPSHOT (git-21ecd344-b509)]
	at com.velocitypowered.proxy.protocol.netty.AutoReadHolderHandler.channelRead(AutoReadHolderHandler.java:57) ~[server.jar:3.4.0-SNAPSHOT (git-21ecd344-b509)]
	at io.netty.channel.AbstractChannelHandlerContext.fireChannelRead(AbstractChannelHandlerContext.java:357) ~[server.jar:3.4.0-SNAPSHOT (git-21ecd344-b509)]
	at com.velocitypowered.proxy.protocol.netty.MinecraftDecoder.tryDecode(MinecraftDecoder.java:91) ~[server.jar:3.4.0-SNAPSHOT (git-21ecd344-b509)]
	at com.velocitypowered.proxy.protocol.netty.MinecraftDecoder.channelRead(MinecraftDecoder.java:60) ~[server.jar:3.4.0-SNAPSHOT (git-21ecd344-b509)]
	at io.netty.channel.AbstractChannelHandlerContext.fireChannelRead(AbstractChannelHandlerContext.java:359) ~[server.jar:3.4.0-SNAPSHOT (git-21ecd344-b509)]
	at io.netty.handler.timeout.IdleStateHandler.channelRead(IdleStateHandler.java:289) ~[server.jar:3.4.0-SNAPSHOT (git-21ecd344-b509)]
	at io.netty.channel.AbstractChannelHandlerContext.fireChannelRead(AbstractChannelHandlerContext.java:357) ~[server.jar:3.4.0-SNAPSHOT (git-21ecd344-b509)]
	at io.netty.handler.codec.ByteToMessageDecoder.fireChannelRead(ByteToMessageDecoder.java:346) ~[server.jar:3.4.0-SNAPSHOT (git-21ecd344-b509)]
	at io.netty.handler.codec.ByteToMessageDecoder.channelRead(ByteToMessageDecoder.java:318) ~[server.jar:3.4.0-SNAPSHOT (git-21ecd344-b509)]
	at io.netty.channel.AbstractChannelHandlerContext.fireChannelRead(AbstractChannelHandlerContext.java:359) ~[server.jar:3.4.0-SNAPSHOT (git-21ecd344-b509)]
	at io.netty.channel.DefaultChannelPipeline$HeadContext.channelRead(DefaultChannelPipeline.java:1429) ~[server.jar:3.4.0-SNAPSHOT (git-21ecd344-b509)]
	at io.netty.channel.DefaultChannelPipeline.fireChannelRead(DefaultChannelPipeline.java:918) ~[server.jar:3.4.0-SNAPSHOT (git-21ecd344-b509)]
	at io.netty.channel.epoll.AbstractEpollStreamChannel$EpollStreamUnsafe.epollInReady(AbstractEpollStreamChannel.java:793) ~[server.jar:3.4.0-SNAPSHOT (git-21ecd344-b509)]
	at io.netty.channel.epoll.AbstractEpollChannel$AbstractEpollUnsafe.handle(AbstractEpollChannel.java:471) ~[server.jar:3.4.0-SNAPSHOT (git-21ecd344-b509)]
	at io.netty.channel.epoll.EpollIoHandler$DefaultEpollIoRegistration.handle(EpollIoHandler.java:307) ~[server.jar:3.4.0-SNAPSHOT (git-21ecd344-b509)]
	at io.netty.channel.epoll.EpollIoHandler.processReady(EpollIoHandler.java:489) ~[server.jar:3.4.0-SNAPSHOT (git-21ecd344-b509)]
	at io.netty.channel.epoll.EpollIoHandler.run(EpollIoHandler.java:444) ~[server.jar:3.4.0-SNAPSHOT (git-21ecd344-b509)]
	at io.netty.channel.SingleThreadIoEventLoop.runIo(SingleThreadIoEventLoop.java:204) ~[server.jar:3.4.0-SNAPSHOT (git-21ecd344-b509)]
	at io.netty.channel.SingleThreadIoEventLoop.run(SingleThreadIoEventLoop.java:175) ~[server.jar:3.4.0-SNAPSHOT (git-21ecd344-b509)]
	at io.netty.util.concurrent.SingleThreadEventExecutor$5.run(SingleThreadEventExecutor.java:1073) ~[server.jar:3.4.0-SNAPSHOT (git-21ecd344-b509)]
	at io.netty.util.internal.ThreadExecutorMap$2.run(ThreadExecutorMap.java:74) ~[server.jar:3.4.0-SNAPSHOT (git-21ecd344-b509)]
	at io.netty.util.concurrent.FastThreadLocalRunnable.run(FastThreadLocalRunnable.java:30) ~[server.jar:3.4.0-SNAPSHOT (git-21ecd344-b509)]
	at java.base/java.lang.Thread.run(Thread.java:1583) [?:?]
[00:45:13] [Netty epoll Worker #0/INFO] [com.velocitypowered.proxy.connection.MinecraftConnection]: [server connection] YeeVigg1211 -> survival has disconnected
[00:45:13] [Netty epoll Worker #0/ERROR] [com.velocitypowered.proxy.connection.client.ConnectedPlayer]: [connected player] YeeVigg1211 (/[0:0:0:0:0:0:0:1]:56020): unable to connect to server survival
java.lang.IllegalStateException: Backend server is online-mode!
	at com.velocitypowered.proxy.connection.backend.LoginSessionHandler.handle(LoginSessionHandler.java:79) ~[server.jar:3.4.0-SNAPSHOT (git-21ecd344-b509)]
	at com.velocitypowered.proxy.protocol.packet.EncryptionRequestPacket.handle(EncryptionRequestPacket.java:94) ~[server.jar:3.4.0-SNAPSHOT (git-21ecd344-b509)]
	at com.velocitypowered.proxy.connection.MinecraftConnection.channelRead(MinecraftConnection.java:155) ~[server.jar:3.4.0-SNAPSHOT (git-21ecd344-b509)]
	at io.netty.channel.AbstractChannelHandlerContext.fireChannelRead(AbstractChannelHandlerContext.java:359) ~[server.jar:3.4.0-SNAPSHOT (git-21ecd344-b509)]
	at com.velocitypowered.proxy.protocol.netty.AutoReadHolderHandler.channelRead(AutoReadHolderHandler.java:57) ~[server.jar:3.4.0-SNAPSHOT (git-21ecd344-b509)]
	at io.netty.channel.AbstractChannelHandlerContext.fireChannelRead(AbstractChannelHandlerContext.java:357) ~[server.jar:3.4.0-SNAPSHOT (git-21ecd344-b509)]
	at com.velocitypowered.proxy.protocol.netty.MinecraftDecoder.tryDecode(MinecraftDecoder.java:91) ~[server.jar:3.4.0-SNAPSHOT (git-21ecd344-b509)]
	at com.velocitypowered.proxy.protocol.netty.MinecraftDecoder.channelRead(MinecraftDecoder.java:60) ~[server.jar:3.4.0-SNAPSHOT (git-21ecd344-b509)]
	at io.netty.channel.AbstractChannelHandlerContext.fireChannelRead(AbstractChannelHandlerContext.java:359) ~[server.jar:3.4.0-SNAPSHOT (git-21ecd344-b509)]
	at io.netty.handler.timeout.IdleStateHandler.channelRead(IdleStateHandler.java:289) ~[server.jar:3.4.0-SNAPSHOT (git-21ecd344-b509)]
	at io.netty.channel.AbstractChannelHandlerContext.fireChannelRead(AbstractChannelHandlerContext.java:357) ~[server.jar:3.4.0-SNAPSHOT (git-21ecd344-b509)]
	at io.netty.handler.codec.ByteToMessageDecoder.fireChannelRead(ByteToMessageDecoder.java:346) ~[server.jar:3.4.0-SNAPSHOT (git-21ecd344-b509)]
	at io.netty.handler.codec.ByteToMessageDecoder.channelRead(ByteToMessageDecoder.java:318) ~[server.jar:3.4.0-SNAPSHOT (git-21ecd344-b509)]
	at io.netty.channel.AbstractChannelHandlerContext.fireChannelRead(AbstractChannelHandlerContext.java:359) ~[server.jar:3.4.0-SNAPSHOT (git-21ecd344-b509)]
	at io.netty.channel.DefaultChannelPipeline$HeadContext.channelRead(DefaultChannelPipeline.java:1429) ~[server.jar:3.4.0-SNAPSHOT (git-21ecd344-b509)]
	at io.netty.channel.DefaultChannelPipeline.fireChannelRead(DefaultChannelPipeline.java:918) ~[server.jar:3.4.0-SNAPSHOT (git-21ecd344-b509)]
	at io.netty.channel.epoll.AbstractEpollStreamChannel$EpollStreamUnsafe.epollInReady(AbstractEpollStreamChannel.java:793) ~[server.jar:3.4.0-SNAPSHOT (git-21ecd344-b509)]
	at io.netty.channel.epoll.AbstractEpollChannel$AbstractEpollUnsafe.handle(AbstractEpollChannel.java:471) ~[server.jar:3.4.0-SNAPSHOT (git-21ecd344-b509)]
	at io.netty.channel.epoll.EpollIoHandler$DefaultEpollIoRegistration.handle(EpollIoHandler.java:307) ~[server.jar:3.4.0-SNAPSHOT (git-21ecd344-b509)]
	at io.netty.channel.epoll.EpollIoHandler.processReady(EpollIoHandler.java:489) ~[server.jar:3.4.0-SNAPSHOT (git-21ecd344-b509)]
	at io.netty.channel.epoll.EpollIoHandler.run(EpollIoHandler.java:444) ~[server.jar:3.4.0-SNAPSHOT (git-21ecd344-b509)]
	at io.netty.channel.SingleThreadIoEventLoop.runIo(SingleThreadIoEventLoop.java:204) ~[server.jar:3.4.0-SNAPSHOT (git-21ecd344-b509)]
	at io.netty.channel.SingleThreadIoEventLoop.run(SingleThreadIoEventLoop.java:175) ~[server.jar:3.4.0-SNAPSHOT (git-21ecd344-b509)]
	at io.netty.util.concurrent.SingleThreadEventExecutor$5.run(SingleThreadEventExecutor.java:1073) ~[server.jar:3.4.0-SNAPSHOT (git-21ecd344-b509)]
	at io.netty.util.internal.ThreadExecutorMap$2.run(ThreadExecutorMap.java:74) ~[server.jar:3.4.0-SNAPSHOT (git-21ecd344-b509)]
	at io.netty.util.concurrent.FastThreadLocalRunnable.run(FastThreadLocalRunnable.java:30) ~[server.jar:3.4.0-SNAPSHOT (git-21ecd344-b509)]
	at java.base/java.lang.Thread.run(Thread.java:1583) [?:?]
[00:45:14] [Netty epoll Worker #0/INFO] [com.velocitypowered.proxy.connection.MinecraftConnection]: [server connection] YeeVigg1211 -> survival has connected
[00:45:14] [Netty epoll Worker #0/ERROR] [com.velocitypowered.proxy.connection.MinecraftConnection]: [server connection] YeeVigg1211 -> survival: exception encountered in com.velocitypowered.proxy.connection.backend.LoginSessionHandler@40c84d5
java.lang.IllegalStateException: Backend server is online-mode!
	at com.velocitypowered.proxy.connection.backend.LoginSessionHandler.handle(LoginSessionHandler.java:79) ~[server.jar:3.4.0-SNAPSHOT (git-21ecd344-b509)]
	at com.velocitypowered.proxy.protocol.packet.EncryptionRequestPacket.handle(EncryptionRequestPacket.java:94) ~[server.jar:3.4.0-SNAPSHOT (git-21ecd344-b509)]
	at com.velocitypowered.proxy.connection.MinecraftConnection.channelRead(MinecraftConnection.java:155) ~[server.jar:3.4.0-SNAPSHOT (git-21ecd344-b509)]
	at io.netty.channel.AbstractChannelHandlerContext.fireChannelRead(AbstractChannelHandlerContext.java:359) ~[server.jar:3.4.0-SNAPSHOT (git-21ecd344-b509)]
	at com.velocitypowered.proxy.protocol.netty.AutoReadHolderHandler.channelRead(AutoReadHolderHandler.java:57) ~[server.jar:3.4.0-SNAPSHOT (git-21ecd344-b509)]
	at io.netty.channel.AbstractChannelHandlerContext.fireChannelRead(AbstractChannelHandlerContext.java:357) ~[server.jar:3.4.0-SNAPSHOT (git-21ecd344-b509)]
	at com.velocitypowered.proxy.protocol.netty.MinecraftDecoder.tryDecode(MinecraftDecoder.java:91) ~[server.jar:3.4.0-SNAPSHOT (git-21ecd344-b509)]
	at com.velocitypowered.proxy.protocol.netty.MinecraftDecoder.channelRead(MinecraftDecoder.java:60) ~[server.jar:3.4.0-SNAPSHOT (git-21ecd344-b509)]
	at io.netty.channel.AbstractChannelHandlerContext.fireChannelRead(AbstractChannelHandlerContext.java:359) ~[server.jar:3.4.0-SNAPSHOT (git-21ecd344-b509)]
	at io.netty.handler.timeout.IdleStateHandler.channelRead(IdleStateHandler.java:289) ~[server.jar:3.4.0-SNAPSHOT (git-21ecd344-b509)]
	at io.netty.channel.AbstractChannelHandlerContext.fireChannelRead(AbstractChannelHandlerContext.java:357) ~[server.jar:3.4.0-SNAPSHOT (git-21ecd344-b509)]
	at io.netty.handler.codec.ByteToMessageDecoder.fireChannelRead(ByteToMessageDecoder.java:346) ~[server.jar:3.4.0-SNAPSHOT (git-21ecd344-b509)]
	at io.netty.handler.codec.ByteToMessageDecoder.channelRead(ByteToMessageDecoder.java:318) ~[server.jar:3.4.0-SNAPSHOT (git-21ecd344-b509)]
	at io.netty.channel.AbstractChannelHandlerContext.fireChannelRead(AbstractChannelHandlerContext.java:359) ~[server.jar:3.4.0-SNAPSHOT (git-21ecd344-b509)]
	at io.netty.channel.DefaultChannelPipeline$HeadContext.channelRead(DefaultChannelPipeline.java:1429) ~[server.jar:3.4.0-SNAPSHOT (git-21ecd344-b509)]
	at io.netty.channel.DefaultChannelPipeline.fireChannelRead(DefaultChannelPipeline.java:918) ~[server.jar:3.4.0-SNAPSHOT (git-21ecd344-b509)]
	at io.netty.channel.epoll.AbstractEpollStreamChannel$EpollStreamUnsafe.epollInReady(AbstractEpollStreamChannel.java:793) ~[server.jar:3.4.0-SNAPSHOT (git-21ecd344-b509)]
	at io.netty.channel.epoll.AbstractEpollChannel$AbstractEpollUnsafe.handle(AbstractEpollChannel.java:471) ~[server.jar:3.4.0-SNAPSHOT (git-21ecd344-b509)]
	at io.netty.channel.epoll.EpollIoHandler$DefaultEpollIoRegistration.handle(EpollIoHandler.java:307) ~[server.jar:3.4.0-SNAPSHOT (git-21ecd344-b509)]
	at io.netty.channel.epoll.EpollIoHandler.processReady(EpollIoHandler.java:489) ~[server.jar:3.4.0-SNAPSHOT (git-21ecd344-b509)]
	at io.netty.channel.epoll.EpollIoHandler.run(EpollIoHandler.java:444) ~[server.jar:3.4.0-SNAPSHOT (git-21ecd344-b509)]
	at io.netty.channel.SingleThreadIoEventLoop.runIo(SingleThreadIoEventLoop.java:204) ~[server.jar:3.4.0-SNAPSHOT (git-21ecd344-b509)]
	at io.netty.channel.SingleThreadIoEventLoop.run(SingleThreadIoEventLoop.java:175) ~[server.jar:3.4.0-SNAPSHOT (git-21ecd344-b509)]
	at io.netty.util.concurrent.SingleThreadEventExecutor$5.run(SingleThreadEventExecutor.java:1073) ~[server.jar:3.4.0-SNAPSHOT (git-21ecd344-b509)]
	at io.netty.util.internal.ThreadExecutorMap$2.run(ThreadExecutorMap.java:74) ~[server.jar:3.4.0-SNAPSHOT (git-21ecd344-b509)]
	at io.netty.util.concurrent.FastThreadLocalRunnable.run(FastThreadLocalRunnable.java:30) ~[server.jar:3.4.0-SNAPSHOT (git-21ecd344-b509)]
	at java.base/java.lang.Thread.run(Thread.java:1583) [?:?]
[00:45:14] [Netty epoll Worker #0/INFO] [com.velocitypowered.proxy.connection.MinecraftConnection]: [server connection] YeeVigg1211 -> survival has disconnected
[00:45:14] [Netty epoll Worker #0/ERROR] [com.velocitypowered.proxy.connection.client.ConnectedPlayer]: [connected player] YeeVigg1211 (/[0:0:0:0:0:0:0:1]:56020): unable to connect to server survival
java.lang.IllegalStateException: Backend server is online-mode!
	at com.velocitypowered.proxy.connection.backend.LoginSessionHandler.handle(LoginSessionHandler.java:79) ~[server.jar:3.4.0-SNAPSHOT (git-21ecd344-b509)]
	at com.velocitypowered.proxy.protocol.packet.EncryptionRequestPacket.handle(EncryptionRequestPacket.java:94) ~[server.jar:3.4.0-SNAPSHOT (git-21ecd344-b509)]
	at com.velocitypowered.proxy.connection.MinecraftConnection.channelRead(MinecraftConnection.java:155) ~[server.jar:3.4.0-SNAPSHOT (git-21ecd344-b509)]
	at io.netty.channel.AbstractChannelHandlerContext.fireChannelRead(AbstractChannelHandlerContext.java:359) ~[server.jar:3.4.0-SNAPSHOT (git-21ecd344-b509)]
	at com.velocitypowered.proxy.protocol.netty.AutoReadHolderHandler.channelRead(AutoReadHolderHandler.java:57) ~[server.jar:3.4.0-SNAPSHOT (git-21ecd344-b509)]
	at io.netty.channel.AbstractChannelHandlerContext.fireChannelRead(AbstractChannelHandlerContext.java:357) ~[server.jar:3.4.0-SNAPSHOT (git-21ecd344-b509)]
	at com.velocitypowered.proxy.protocol.netty.MinecraftDecoder.tryDecode(MinecraftDecoder.java:91) ~[server.jar:3.4.0-SNAPSHOT (git-21ecd344-b509)]
	at com.velocitypowered.proxy.protocol.netty.MinecraftDecoder.channelRead(MinecraftDecoder.java:60) ~[server.jar:3.4.0-SNAPSHOT (git-21ecd344-b509)]
	at io.netty.channel.AbstractChannelHandlerContext.fireChannelRead(AbstractChannelHandlerContext.java:359) ~[server.jar:3.4.0-SNAPSHOT (git-21ecd344-b509)]
	at io.netty.handler.timeout.IdleStateHandler.channelRead(IdleStateHandler.java:289) ~[server.jar:3.4.0-SNAPSHOT (git-21ecd344-b509)]
	at io.netty.channel.AbstractChannelHandlerContext.fireChannelRead(AbstractChannelHandlerContext.java:357) ~[server.jar:3.4.0-SNAPSHOT (git-21ecd344-b509)]
	at io.netty.handler.codec.ByteToMessageDecoder.fireChannelRead(ByteToMessageDecoder.java:346) ~[server.jar:3.4.0-SNAPSHOT (git-21ecd344-b509)]
	at io.netty.handler.codec.ByteToMessageDecoder.channelRead(ByteToMessageDecoder.java:318) ~[server.jar:3.4.0-SNAPSHOT (git-21ecd344-b509)]
	at io.netty.channel.AbstractChannelHandlerContext.fireChannelRead(AbstractChannelHandlerContext.java:359) ~[server.jar:3.4.0-SNAPSHOT (git-21ecd344-b509)]
	at io.netty.channel.DefaultChannelPipeline$HeadContext.channelRead(DefaultChannelPipeline.java:1429) ~[server.jar:3.4.0-SNAPSHOT (git-21ecd344-b509)]
	at io.netty.channel.DefaultChannelPipeline.fireChannelRead(DefaultChannelPipeline.java:918) ~[server.jar:3.4.0-SNAPSHOT (git-21ecd344-b509)]
	at io.netty.channel.epoll.AbstractEpollStreamChannel$EpollStreamUnsafe.epollInReady(AbstractEpollStreamChannel.java:793) ~[server.jar:3.4.0-SNAPSHOT (git-21ecd344-b509)]
	at io.netty.channel.epoll.AbstractEpollChannel$AbstractEpollUnsafe.handle(AbstractEpollChannel.java:471) ~[server.jar:3.4.0-SNAPSHOT (git-21ecd344-b509)]
	at io.netty.channel.epoll.EpollIoHandler$DefaultEpollIoRegistration.handle(EpollIoHandler.java:307) ~[server.jar:3.4.0-SNAPSHOT (git-21ecd344-b509)]
	at io.netty.channel.epoll.EpollIoHandler.processReady(EpollIoHandler.java:489) ~[server.jar:3.4.0-SNAPSHOT (git-21ecd344-b509)]
	at io.netty.channel.epoll.EpollIoHandler.run(EpollIoHandler.java:444) ~[server.jar:3.4.0-SNAPSHOT (git-21ecd344-b509)]
	at io.netty.channel.SingleThreadIoEventLoop.runIo(SingleThreadIoEventLoop.java:204) ~[server.jar:3.4.0-SNAPSHOT (git-21ecd344-b509)]
	at io.netty.channel.SingleThreadIoEventLoop.run(SingleThreadIoEventLoop.java:175) ~[server.jar:3.4.0-SNAPSHOT (git-21ecd344-b509)]
	at io.netty.util.concurrent.SingleThreadEventExecutor$5.run(SingleThreadEventExecutor.java:1073) ~[server.jar:3.4.0-SNAPSHOT (git-21ecd344-b509)]
	at io.netty.util.internal.ThreadExecutorMap$2.run(ThreadExecutorMap.java:74) ~[server.jar:3.4.0-SNAPSHOT (git-21ecd344-b509)]
	at io.netty.util.concurrent.FastThreadLocalRunnable.run(FastThreadLocalRunnable.java:30) ~[server.jar:3.4.0-SNAPSHOT (git-21ecd344-b509)]
	at java.base/java.lang.Thread.run(Thread.java:1583) [?:?]
[00:45:19] [Netty epoll Worker #0/INFO] [com.velocitypowered.proxy.connection.MinecraftConnection]: [server connection] YeeVigg1211 -> survival has connected
[00:45:19] [Netty epoll Worker #0/ERROR] [com.velocitypowered.proxy.connection.MinecraftConnection]: [server connection] YeeVigg1211 -> survival: exception encountered in com.velocitypowered.proxy.connection.backend.LoginSessionHandler@31bbc4d9
java.lang.IllegalStateException: Backend server is online-mode!
	at com.velocitypowered.proxy.connection.backend.LoginSessionHandler.handle(LoginSessionHandler.java:79) ~[server.jar:3.4.0-SNAPSHOT (git-21ecd344-b509)]
	at com.velocitypowered.proxy.protocol.packet.EncryptionRequestPacket.handle(EncryptionRequestPacket.java:94) ~[server.jar:3.4.0-SNAPSHOT (git-21ecd344-b509)]
	at com.velocitypowered.proxy.connection.MinecraftConnection.channelRead(MinecraftConnection.java:155) ~[server.jar:3.4.0-SNAPSHOT (git-21ecd344-b509)]
	at io.netty.channel.AbstractChannelHandlerContext.fireChannelRead(AbstractChannelHandlerContext.java:359) ~[server.jar:3.4.0-SNAPSHOT (git-21ecd344-b509)]
	at com.velocitypowered.proxy.protocol.netty.AutoReadHolderHandler.channelRead(AutoReadHolderHandler.java:57) ~[server.jar:3.4.0-SNAPSHOT (git-21ecd344-b509)]
	at io.netty.channel.AbstractChannelHandlerContext.fireChannelRead(AbstractChannelHandlerContext.java:357) ~[server.jar:3.4.0-SNAPSHOT (git-21ecd344-b509)]
	at com.velocitypowered.proxy.protocol.netty.MinecraftDecoder.tryDecode(MinecraftDecoder.java:91) ~[server.jar:3.4.0-SNAPSHOT (git-21ecd344-b509)]
	at com.velocitypowered.proxy.protocol.netty.MinecraftDecoder.channelRead(MinecraftDecoder.java:60) ~[server.jar:3.4.0-SNAPSHOT (git-21ecd344-b509)]
	at io.netty.channel.AbstractChannelHandlerContext.fireChannelRead(AbstractChannelHandlerContext.java:359) ~[server.jar:3.4.0-SNAPSHOT (git-21ecd344-b509)]
	at io.netty.handler.timeout.IdleStateHandler.channelRead(IdleStateHandler.java:289) ~[server.jar:3.4.0-SNAPSHOT (git-21ecd344-b509)]
	at io.netty.channel.AbstractChannelHandlerContext.fireChannelRead(AbstractChannelHandlerContext.java:357) ~[server.jar:3.4.0-SNAPSHOT (git-21ecd344-b509)]
	at io.netty.handler.codec.ByteToMessageDecoder.fireChannelRead(ByteToMessageDecoder.java:346) ~[server.jar:3.4.0-SNAPSHOT (git-21ecd344-b509)]
	at io.netty.handler.codec.ByteToMessageDecoder.channelRead(ByteToMessageDecoder.java:318) ~[server.jar:3.4.0-SNAPSHOT (git-21ecd344-b509)]
	at io.netty.channel.AbstractChannelHandlerContext.fireChannelRead(AbstractChannelHandlerContext.java:359) ~[server.jar:3.4.0-SNAPSHOT (git-21ecd344-b509)]
	at io.netty.channel.DefaultChannelPipeline$HeadContext.channelRead(DefaultChannelPipeline.java:1429) ~[server.jar:3.4.0-SNAPSHOT (git-21ecd344-b509)]
	at io.netty.channel.DefaultChannelPipeline.fireChannelRead(DefaultChannelPipeline.java:918) ~[server.jar:3.4.0-SNAPSHOT (git-21ecd344-b509)]
	at io.netty.channel.epoll.AbstractEpollStreamChannel$EpollStreamUnsafe.epollInReady(AbstractEpollStreamChannel.java:793) ~[server.jar:3.4.0-SNAPSHOT (git-21ecd344-b509)]
	at io.netty.channel.epoll.AbstractEpollChannel$AbstractEpollUnsafe.handle(AbstractEpollChannel.java:471) ~[server.jar:3.4.0-SNAPSHOT (git-21ecd344-b509)]
	at io.netty.channel.epoll.EpollIoHandler$DefaultEpollIoRegistration.handle(EpollIoHandler.java:307) ~[server.jar:3.4.0-SNAPSHOT (git-21ecd344-b509)]
	at io.netty.channel.epoll.EpollIoHandler.processReady(EpollIoHandler.java:489) ~[server.jar:3.4.0-SNAPSHOT (git-21ecd344-b509)]
	at io.netty.channel.epoll.EpollIoHandler.run(EpollIoHandler.java:444) ~[server.jar:3.4.0-SNAPSHOT (git-21ecd344-b509)]
	at io.netty.channel.SingleThreadIoEventLoop.runIo(SingleThreadIoEventLoop.java:204) ~[server.jar:3.4.0-SNAPSHOT (git-21ecd344-b509)]
	at io.netty.channel.SingleThreadIoEventLoop.run(SingleThreadIoEventLoop.java:175) ~[server.jar:3.4.0-SNAPSHOT (git-21ecd344-b509)]
	at io.netty.util.concurrent.SingleThreadEventExecutor$5.run(SingleThreadEventExecutor.java:1073) ~[server.jar:3.4.0-SNAPSHOT (git-21ecd344-b509)]
	at io.netty.util.internal.ThreadExecutorMap$2.run(ThreadExecutorMap.java:74) ~[server.jar:3.4.0-SNAPSHOT (git-21ecd344-b509)]
	at io.netty.util.concurrent.FastThreadLocalRunnable.run(FastThreadLocalRunnable.java:30) ~[server.jar:3.4.0-SNAPSHOT (git-21ecd344-b509)]
	at java.base/java.lang.Thread.run(Thread.java:1583) [?:?]
[00:45:19] [Netty epoll Worker #0/INFO] [com.velocitypowered.proxy.connection.MinecraftConnection]: [server connection] YeeVigg1211 -> survival has disconnected
[00:45:19] [Netty epoll Worker #0/ERROR] [com.velocitypowered.proxy.connection.client.ConnectedPlayer]: [connected player] YeeVigg1211 (/[0:0:0:0:0:0:0:1]:56020): unable to connect to server survival
java.lang.IllegalStateException: Backend server is online-mode!
	at com.velocitypowered.proxy.connection.backend.LoginSessionHandler.handle(LoginSessionHandler.java:79) ~[server.jar:3.4.0-SNAPSHOT (git-21ecd344-b509)]
	at com.velocitypowered.proxy.protocol.packet.EncryptionRequestPacket.handle(EncryptionRequestPacket.java:94) ~[server.jar:3.4.0-SNAPSHOT (git-21ecd344-b509)]
	at com.velocitypowered.proxy.connection.MinecraftConnection.channelRead(MinecraftConnection.java:155) ~[server.jar:3.4.0-SNAPSHOT (git-21ecd344-b509)]
	at io.netty.channel.AbstractChannelHandlerContext.fireChannelRead(AbstractChannelHandlerContext.java:359) ~[server.jar:3.4.0-SNAPSHOT (git-21ecd344-b509)]
	at com.velocitypowered.proxy.protocol.netty.AutoReadHolderHandler.channelRead(AutoReadHolderHandler.java:57) ~[server.jar:3.4.0-SNAPSHOT (git-21ecd344-b509)]
	at io.netty.channel.AbstractChannelHandlerContext.fireChannelRead(AbstractChannelHandlerContext.java:357) ~[server.jar:3.4.0-SNAPSHOT (git-21ecd344-b509)]
	at com.velocitypowered.proxy.protocol.netty.MinecraftDecoder.tryDecode(MinecraftDecoder.java:91) ~[server.jar:3.4.0-SNAPSHOT (git-21ecd344-b509)]
	at com.velocitypowered.proxy.protocol.netty.MinecraftDecoder.channelRead(MinecraftDecoder.java:60) ~[server.jar:3.4.0-SNAPSHOT (git-21ecd344-b509)]
	at io.netty.channel.AbstractChannelHandlerContext.fireChannelRead(AbstractChannelHandlerContext.java:359) ~[server.jar:3.4.0-SNAPSHOT (git-21ecd344-b509)]
	at io.netty.handler.timeout.IdleStateHandler.channelRead(IdleStateHandler.java:289) ~[server.jar:3.4.0-SNAPSHOT (git-21ecd344-b509)]
	at io.netty.channel.AbstractChannelHandlerContext.fireChannelRead(AbstractChannelHandlerContext.java:357) ~[server.jar:3.4.0-SNAPSHOT (git-21ecd344-b509)]
	at io.netty.handler.codec.ByteToMessageDecoder.fireChannelRead(ByteToMessageDecoder.java:346) ~[server.jar:3.4.0-SNAPSHOT (git-21ecd344-b509)]
	at io.netty.handler.codec.ByteToMessageDecoder.channelRead(ByteToMessageDecoder.java:318) ~[server.jar:3.4.0-SNAPSHOT (git-21ecd344-b509)]
	at io.netty.channel.AbstractChannelHandlerContext.fireChannelRead(AbstractChannelHandlerContext.java:359) ~[server.jar:3.4.0-SNAPSHOT (git-21ecd344-b509)]
	at io.netty.channel.DefaultChannelPipeline$HeadContext.channelRead(DefaultChannelPipeline.java:1429) ~[server.jar:3.4.0-SNAPSHOT (git-21ecd344-b509)]
	at io.netty.channel.DefaultChannelPipeline.fireChannelRead(DefaultChannelPipeline.java:918) ~[server.jar:3.4.0-SNAPSHOT (git-21ecd344-b509)]
	at io.netty.channel.epoll.AbstractEpollStreamChannel$EpollStreamUnsafe.epollInReady(AbstractEpollStreamChannel.java:793) ~[server.jar:3.4.0-SNAPSHOT (git-21ecd344-b509)]
	at io.netty.channel.epoll.AbstractEpollChannel$AbstractEpollUnsafe.handle(AbstractEpollChannel.java:471) ~[server.jar:3.4.0-SNAPSHOT (git-21ecd344-b509)]
	at io.netty.channel.epoll.EpollIoHandler$DefaultEpollIoRegistration.handle(EpollIoHandler.java:307) ~[server.jar:3.4.0-SNAPSHOT (git-21ecd344-b509)]
	at io.netty.channel.epoll.EpollIoHandler.processReady(EpollIoHandler.java:489) ~[server.jar:3.4.0-SNAPSHOT (git-21ecd344-b509)]
	at io.netty.channel.epoll.EpollIoHandler.run(EpollIoHandler.java:444) ~[server.jar:3.4.0-SNAPSHOT (git-21ecd344-b509)]
	at io.netty.channel.SingleThreadIoEventLoop.runIo(SingleThreadIoEventLoop.java:204) ~[server.jar:3.4.0-SNAPSHOT (git-21ecd344-b509)]
	at io.netty.channel.SingleThreadIoEventLoop.run(SingleThreadIoEventLoop.java:175) ~[server.jar:3.4.0-SNAPSHOT (git-21ecd344-b509)]
	at io.netty.util.concurrent.SingleThreadEventExecutor$5.run(SingleThreadEventExecutor.java:1073) ~[server.jar:3.4.0-SNAPSHOT (git-21ecd344-b509)]
	at io.netty.util.internal.ThreadExecutorMap$2.run(ThreadExecutorMap.java:74) ~[server.jar:3.4.0-SNAPSHOT (git-21ecd344-b509)]
	at io.netty.util.concurrent.FastThreadLocalRunnable.run(FastThreadLocalRunnable.java:30) ~[server.jar:3.4.0-SNAPSHOT (git-21ecd344-b509)]
	at java.base/java.lang.Thread.run(Thread.java:1583) [?:?]
[00:45:24] [Netty epoll Worker #0/INFO] [com.velocitypowered.proxy.connection.MinecraftConnection]: [server connection] YeeVigg1211 -> survival has connected
[00:45:24] [Netty epoll Worker #0/ERROR] [com.velocitypowered.proxy.connection.MinecraftConnection]: [server connection] YeeVigg1211 -> survival: exception encountered in com.velocitypowered.proxy.connection.backend.LoginSessionHandler@c2c2a5e
java.lang.IllegalStateException: Backend server is online-mode!
	at com.velocitypowered.proxy.connection.backend.LoginSessionHandler.handle(LoginSessionHandler.java:79) ~[server.jar:3.4.0-SNAPSHOT (git-21ecd344-b509)]
	at com.velocitypowered.proxy.protocol.packet.EncryptionRequestPacket.handle(EncryptionRequestPacket.java:94) ~[server.jar:3.4.0-SNAPSHOT (git-21ecd344-b509)]
	at com.velocitypowered.proxy.connection.MinecraftConnection.channelRead(MinecraftConnection.java:155) ~[server.jar:3.4.0-SNAPSHOT (git-21ecd344-b509)]
	at io.netty.channel.AbstractChannelHandlerContext.fireChannelRead(AbstractChannelHandlerContext.java:359) ~[server.jar:3.4.0-SNAPSHOT (git-21ecd344-b509)]
	at com.velocitypowered.proxy.protocol.netty.AutoReadHolderHandler.channelRead(AutoReadHolderHandler.java:57) ~[server.jar:3.4.0-SNAPSHOT (git-21ecd344-b509)]
	at io.netty.channel.AbstractChannelHandlerContext.fireChannelRead(AbstractChannelHandlerContext.java:357) ~[server.jar:3.4.0-SNAPSHOT (git-21ecd344-b509)]
	at com.velocitypowered.proxy.protocol.netty.MinecraftDecoder.tryDecode(MinecraftDecoder.java:91) ~[server.jar:3.4.0-SNAPSHOT (git-21ecd344-b509)]
	at com.velocitypowered.proxy.protocol.netty.MinecraftDecoder.channelRead(MinecraftDecoder.java:60) ~[server.jar:3.4.0-SNAPSHOT (git-21ecd344-b509)]
	at io.netty.channel.AbstractChannelHandlerContext.fireChannelRead(AbstractChannelHandlerContext.java:359) ~[server.jar:3.4.0-SNAPSHOT (git-21ecd344-b509)]
	at io.netty.handler.timeout.IdleStateHandler.channelRead(IdleStateHandler.java:289) ~[server.jar:3.4.0-SNAPSHOT (git-21ecd344-b509)]
	at io.netty.channel.AbstractChannelHandlerContext.fireChannelRead(AbstractChannelHandlerContext.java:357) ~[server.jar:3.4.0-SNAPSHOT (git-21ecd344-b509)]
	at io.netty.handler.codec.ByteToMessageDecoder.fireChannelRead(ByteToMessageDecoder.java:346) ~[server.jar:3.4.0-SNAPSHOT (git-21ecd344-b509)]
	at io.netty.handler.codec.ByteToMessageDecoder.channelRead(ByteToMessageDecoder.java:318) ~[server.jar:3.4.0-SNAPSHOT (git-21ecd344-b509)]
	at io.netty.channel.AbstractChannelHandlerContext.fireChannelRead(AbstractChannelHandlerContext.java:359) ~[server.jar:3.4.0-SNAPSHOT (git-21ecd344-b509)]
	at io.netty.channel.DefaultChannelPipeline$HeadContext.channelRead(DefaultChannelPipeline.java:1429) ~[server.jar:3.4.0-SNAPSHOT (git-21ecd344-b509)]
	at io.netty.channel.DefaultChannelPipeline.fireChannelRead(DefaultChannelPipeline.java:918) ~[server.jar:3.4.0-SNAPSHOT (git-21ecd344-b509)]
	at io.netty.channel.epoll.AbstractEpollStreamChannel$EpollStreamUnsafe.epollInReady(AbstractEpollStreamChannel.java:793) ~[server.jar:3.4.0-SNAPSHOT (git-21ecd344-b509)]
	at io.netty.channel.epoll.AbstractEpollChannel$AbstractEpollUnsafe.handle(AbstractEpollChannel.java:471) ~[server.jar:3.4.0-SNAPSHOT (git-21ecd344-b509)]
	at io.netty.channel.epoll.EpollIoHandler$DefaultEpollIoRegistration.handle(EpollIoHandler.java:307) ~[server.jar:3.4.0-SNAPSHOT (git-21ecd344-b509)]
	at io.netty.channel.epoll.EpollIoHandler.processReady(EpollIoHandler.java:489) ~[server.jar:3.4.0-SNAPSHOT (git-21ecd344-b509)]
	at io.netty.channel.epoll.EpollIoHandler.run(EpollIoHandler.java:444) ~[server.jar:3.4.0-SNAPSHOT (git-21ecd344-b509)]
	at io.netty.channel.SingleThreadIoEventLoop.runIo(SingleThreadIoEventLoop.java:204) ~[server.jar:3.4.0-SNAPSHOT (git-21ecd344-b509)]
	at io.netty.channel.SingleThreadIoEventLoop.run(SingleThreadIoEventLoop.java:175) ~[server.jar:3.4.0-SNAPSHOT (git-21ecd344-b509)]
	at io.netty.util.concurrent.SingleThreadEventExecutor$5.run(SingleThreadEventExecutor.java:1073) ~[server.jar:3.4.0-SNAPSHOT (git-21ecd344-b509)]
	at io.netty.util.internal.ThreadExecutorMap$2.run(ThreadExecutorMap.java:74) ~[server.jar:3.4.0-SNAPSHOT (git-21ecd344-b509)]
	at io.netty.util.concurrent.FastThreadLocalRunnable.run(FastThreadLocalRunnable.java:30) ~[server.jar:3.4.0-SNAPSHOT (git-21ecd344-b509)]
	at java.base/java.lang.Thread.run(Thread.java:1583) [?:?]
[00:45:24] [Netty epoll Worker #0/INFO] [com.velocitypowered.proxy.connection.MinecraftConnection]: [server connection] YeeVigg1211 -> survival has disconnected
[00:45:24] [Netty epoll Worker #0/ERROR] [com.velocitypowered.proxy.connection.client.ConnectedPlayer]: [connected player] YeeVigg1211 (/[0:0:0:0:0:0:0:1]:56020): unable to connect to server survival
java.lang.IllegalStateException: Backend server is online-mode!
	at com.velocitypowered.proxy.connection.backend.LoginSessionHandler.handle(LoginSessionHandler.java:79) ~[server.jar:3.4.0-SNAPSHOT (git-21ecd344-b509)]
	at com.velocitypowered.proxy.protocol.packet.EncryptionRequestPacket.handle(EncryptionRequestPacket.java:94) ~[server.jar:3.4.0-SNAPSHOT (git-21ecd344-b509)]
	at com.velocitypowered.proxy.connection.MinecraftConnection.channelRead(MinecraftConnection.java:155) ~[server.jar:3.4.0-SNAPSHOT (git-21ecd344-b509)]
	at io.netty.channel.AbstractChannelHandlerContext.fireChannelRead(AbstractChannelHandlerContext.java:359) ~[server.jar:3.4.0-SNAPSHOT (git-21ecd344-b509)]
	at com.velocitypowered.proxy.protocol.netty.AutoReadHolderHandler.channelRead(AutoReadHolderHandler.java:57) ~[server.jar:3.4.0-SNAPSHOT (git-21ecd344-b509)]
	at io.netty.channel.AbstractChannelHandlerContext.fireChannelRead(AbstractChannelHandlerContext.java:357) ~[server.jar:3.4.0-SNAPSHOT (git-21ecd344-b509)]
	at com.velocitypowered.proxy.protocol.netty.MinecraftDecoder.tryDecode(MinecraftDecoder.java:91) ~[server.jar:3.4.0-SNAPSHOT (git-21ecd344-b509)]
	at com.velocitypowered.proxy.protocol.netty.MinecraftDecoder.channelRead(MinecraftDecoder.java:60) ~[server.jar:3.4.0-SNAPSHOT (git-21ecd344-b509)]
	at io.netty.channel.AbstractChannelHandlerContext.fireChannelRead(AbstractChannelHandlerContext.java:359) ~[server.jar:3.4.0-SNAPSHOT (git-21ecd344-b509)]
	at io.netty.handler.timeout.IdleStateHandler.channelRead(IdleStateHandler.java:289) ~[server.jar:3.4.0-SNAPSHOT (git-21ecd344-b509)]
	at io.netty.channel.AbstractChannelHandlerContext.fireChannelRead(AbstractChannelHandlerContext.java:357) ~[server.jar:3.4.0-SNAPSHOT (git-21ecd344-b509)]
	at io.netty.handler.codec.ByteToMessageDecoder.fireChannelRead(ByteToMessageDecoder.java:346) ~[server.jar:3.4.0-SNAPSHOT (git-21ecd344-b509)]
	at io.netty.handler.codec.ByteToMessageDecoder.channelRead(ByteToMessageDecoder.java:318) ~[server.jar:3.4.0-SNAPSHOT (git-21ecd344-b509)]
	at io.netty.channel.AbstractChannelHandlerContext.fireChannelRead(AbstractChannelHandlerContext.java:359) ~[server.jar:3.4.0-SNAPSHOT (git-21ecd344-b509)]
	at io.netty.channel.DefaultChannelPipeline$HeadContext.channelRead(DefaultChannelPipeline.java:1429) ~[server.jar:3.4.0-SNAPSHOT (git-21ecd344-b509)]
	at io.netty.channel.DefaultChannelPipeline.fireChannelRead(DefaultChannelPipeline.java:918) ~[server.jar:3.4.0-SNAPSHOT (git-21ecd344-b509)]
	at io.netty.channel.epoll.AbstractEpollStreamChannel$EpollStreamUnsafe.epollInReady(AbstractEpollStreamChannel.java:793) ~[server.jar:3.4.0-SNAPSHOT (git-21ecd344-b509)]
	at io.netty.channel.epoll.AbstractEpollChannel$AbstractEpollUnsafe.handle(AbstractEpollChannel.java:471) ~[server.jar:3.4.0-SNAPSHOT (git-21ecd344-b509)]
	at io.netty.channel.epoll.EpollIoHandler$DefaultEpollIoRegistration.handle(EpollIoHandler.java:307) ~[server.jar:3.4.0-SNAPSHOT (git-21ecd344-b509)]
	at io.netty.channel.epoll.EpollIoHandler.processReady(EpollIoHandler.java:489) ~[server.jar:3.4.0-SNAPSHOT (git-21ecd344-b509)]
	at io.netty.channel.epoll.EpollIoHandler.run(EpollIoHandler.java:444) ~[server.jar:3.4.0-SNAPSHOT (git-21ecd344-b509)]
	at io.netty.channel.SingleThreadIoEventLoop.runIo(SingleThreadIoEventLoop.java:204) ~[server.jar:3.4.0-SNAPSHOT (git-21ecd344-b509)]
	at io.netty.channel.SingleThreadIoEventLoop.run(SingleThreadIoEventLoop.java:175) ~[server.jar:3.4.0-SNAPSHOT (git-21ecd344-b509)]
	at io.netty.util.concurrent.SingleThreadEventExecutor$5.run(SingleThreadEventExecutor.java:1073) ~[server.jar:3.4.0-SNAPSHOT (git-21ecd344-b509)]
	at io.netty.util.internal.ThreadExecutorMap$2.run(ThreadExecutorMap.java:74) ~[server.jar:3.4.0-SNAPSHOT (git-21ecd344-b509)]
	at io.netty.util.concurrent.FastThreadLocalRunnable.run(FastThreadLocalRunnable.java:30) ~[server.jar:3.4.0-SNAPSHOT (git-21ecd344-b509)]
	at java.base/java.lang.Thread.run(Thread.java:1583) [?:?]
[00:45:28] [Netty epoll Worker #0/INFO] [com.velocitypowered.proxy.connection.MinecraftConnection]: [server connection] YeeVigg1211 -> survival has connected
[00:45:28] [Netty epoll Worker #0/ERROR] [com.velocitypowered.proxy.connection.MinecraftConnection]: [server connection] YeeVigg1211 -> survival: exception encountered in com.velocitypowered.proxy.connection.backend.LoginSessionHandler@69a21373
java.lang.IllegalStateException: Backend server is online-mode!
	at com.velocitypowered.proxy.connection.backend.LoginSessionHandler.handle(LoginSessionHandler.java:79) ~[server.jar:3.4.0-SNAPSHOT (git-21ecd344-b509)]
	at com.velocitypowered.proxy.protocol.packet.EncryptionRequestPacket.handle(EncryptionRequestPacket.java:94) ~[server.jar:3.4.0-SNAPSHOT (git-21ecd344-b509)]
	at com.velocitypowered.proxy.connection.MinecraftConnection.channelRead(MinecraftConnection.java:155) ~[server.jar:3.4.0-SNAPSHOT (git-21ecd344-b509)]
	at io.netty.channel.AbstractChannelHandlerContext.fireChannelRead(AbstractChannelHandlerContext.java:359) ~[server.jar:3.4.0-SNAPSHOT (git-21ecd344-b509)]
	at com.velocitypowered.proxy.protocol.netty.AutoReadHolderHandler.channelRead(AutoReadHolderHandler.java:57) ~[server.jar:3.4.0-SNAPSHOT (git-21ecd344-b509)]
	at io.netty.channel.AbstractChannelHandlerContext.fireChannelRead(AbstractChannelHandlerContext.java:357) ~[server.jar:3.4.0-SNAPSHOT (git-21ecd344-b509)]
	at com.velocitypowered.proxy.protocol.netty.MinecraftDecoder.tryDecode(MinecraftDecoder.java:91) ~[server.jar:3.4.0-SNAPSHOT (git-21ecd344-b509)]
	at com.velocitypowered.proxy.protocol.netty.MinecraftDecoder.channelRead(MinecraftDecoder.java:60) ~[server.jar:3.4.0-SNAPSHOT (git-21ecd344-b509)]
	at io.netty.channel.AbstractChannelHandlerContext.fireChannelRead(AbstractChannelHandlerContext.java:359) ~[server.jar:3.4.0-SNAPSHOT (git-21ecd344-b509)]
	at io.netty.handler.timeout.IdleStateHandler.channelRead(IdleStateHandler.java:289) ~[server.jar:3.4.0-SNAPSHOT (git-21ecd344-b509)]
	at io.netty.channel.AbstractChannelHandlerContext.fireChannelRead(AbstractChannelHandlerContext.java:357) ~[server.jar:3.4.0-SNAPSHOT (git-21ecd344-b509)]
	at io.netty.handler.codec.ByteToMessageDecoder.fireChannelRead(ByteToMessageDecoder.java:346) ~[server.jar:3.4.0-SNAPSHOT (git-21ecd344-b509)]
	at io.netty.handler.codec.ByteToMessageDecoder.channelRead(ByteToMessageDecoder.java:318) ~[server.jar:3.4.0-SNAPSHOT (git-21ecd344-b509)]
	at io.netty.channel.AbstractChannelHandlerContext.fireChannelRead(AbstractChannelHandlerContext.java:359) ~[server.jar:3.4.0-SNAPSHOT (git-21ecd344-b509)]
	at io.netty.channel.DefaultChannelPipeline$HeadContext.channelRead(DefaultChannelPipeline.java:1429) ~[server.jar:3.4.0-SNAPSHOT (git-21ecd344-b509)]
	at io.netty.channel.DefaultChannelPipeline.fireChannelRead(DefaultChannelPipeline.java:918) ~[server.jar:3.4.0-SNAPSHOT (git-21ecd344-b509)]
	at io.netty.channel.epoll.AbstractEpollStreamChannel$EpollStreamUnsafe.epollInReady(AbstractEpollStreamChannel.java:793) ~[server.jar:3.4.0-SNAPSHOT (git-21ecd344-b509)]
	at io.netty.channel.epoll.AbstractEpollChannel$AbstractEpollUnsafe.handle(AbstractEpollChannel.java:471) ~[server.jar:3.4.0-SNAPSHOT (git-21ecd344-b509)]
	at io.netty.channel.epoll.EpollIoHandler$DefaultEpollIoRegistration.handle(EpollIoHandler.java:307) ~[server.jar:3.4.0-SNAPSHOT (git-21ecd344-b509)]
	at io.netty.channel.epoll.EpollIoHandler.processReady(EpollIoHandler.java:489) ~[server.jar:3.4.0-SNAPSHOT (git-21ecd344-b509)]
	at io.netty.channel.epoll.EpollIoHandler.run(EpollIoHandler.java:444) ~[server.jar:3.4.0-SNAPSHOT (git-21ecd344-b509)]
	at io.netty.channel.SingleThreadIoEventLoop.runIo(SingleThreadIoEventLoop.java:204) ~[server.jar:3.4.0-SNAPSHOT (git-21ecd344-b509)]
	at io.netty.channel.SingleThreadIoEventLoop.run(SingleThreadIoEventLoop.java:175) ~[server.jar:3.4.0-SNAPSHOT (git-21ecd344-b509)]
	at io.netty.util.concurrent.SingleThreadEventExecutor$5.run(SingleThreadEventExecutor.java:1073) ~[server.jar:3.4.0-SNAPSHOT (git-21ecd344-b509)]
	at io.netty.util.internal.ThreadExecutorMap$2.run(ThreadExecutorMap.java:74) ~[server.jar:3.4.0-SNAPSHOT (git-21ecd344-b509)]
	at io.netty.util.concurrent.FastThreadLocalRunnable.run(FastThreadLocalRunnable.java:30) ~[server.jar:3.4.0-SNAPSHOT (git-21ecd344-b509)]
	at java.base/java.lang.Thread.run(Thread.java:1583) [?:?]
[00:45:28] [Netty epoll Worker #0/INFO] [com.velocitypowered.proxy.connection.MinecraftConnection]: [server connection] YeeVigg1211 -> survival has disconnected
[00:45:28] [Netty epoll Worker #0/ERROR] [com.velocitypowered.proxy.connection.client.ConnectedPlayer]: [connected player] YeeVigg1211 (/[0:0:0:0:0:0:0:1]:56020): unable to connect to server survival
java.lang.IllegalStateException: Backend server is online-mode!
	at com.velocitypowered.proxy.connection.backend.LoginSessionHandler.handle(LoginSessionHandler.java:79) ~[server.jar:3.4.0-SNAPSHOT (git-21ecd344-b509)]
	at com.velocitypowered.proxy.protocol.packet.EncryptionRequestPacket.handle(EncryptionRequestPacket.java:94) ~[server.jar:3.4.0-SNAPSHOT (git-21ecd344-b509)]
	at com.velocitypowered.proxy.connection.MinecraftConnection.channelRead(MinecraftConnection.java:155) ~[server.jar:3.4.0-SNAPSHOT (git-21ecd344-b509)]
	at io.netty.channel.AbstractChannelHandlerContext.fireChannelRead(AbstractChannelHandlerContext.java:359) ~[server.jar:3.4.0-SNAPSHOT (git-21ecd344-b509)]
	at com.velocitypowered.proxy.protocol.netty.AutoReadHolderHandler.channelRead(AutoReadHolderHandler.java:57) ~[server.jar:3.4.0-SNAPSHOT (git-21ecd344-b509)]
	at io.netty.channel.AbstractChannelHandlerContext.fireChannelRead(AbstractChannelHandlerContext.java:357) ~[server.jar:3.4.0-SNAPSHOT (git-21ecd344-b509)]
	at com.velocitypowered.proxy.protocol.netty.MinecraftDecoder.tryDecode(MinecraftDecoder.java:91) ~[server.jar:3.4.0-SNAPSHOT (git-21ecd344-b509)]
	at com.velocitypowered.proxy.protocol.netty.MinecraftDecoder.channelRead(MinecraftDecoder.java:60) ~[server.jar:3.4.0-SNAPSHOT (git-21ecd344-b509)]
	at io.netty.channel.AbstractChannelHandlerContext.fireChannelRead(AbstractChannelHandlerContext.java:359) ~[server.jar:3.4.0-SNAPSHOT (git-21ecd344-b509)]
	at io.netty.handler.timeout.IdleStateHandler.channelRead(IdleStateHandler.java:289) ~[server.jar:3.4.0-SNAPSHOT (git-21ecd344-b509)]
	at io.netty.channel.AbstractChannelHandlerContext.fireChannelRead(AbstractChannelHandlerContext.java:357) ~[server.jar:3.4.0-SNAPSHOT (git-21ecd344-b509)]
	at io.netty.handler.codec.ByteToMessageDecoder.fireChannelRead(ByteToMessageDecoder.java:346) ~[server.jar:3.4.0-SNAPSHOT (git-21ecd344-b509)]
	at io.netty.handler.codec.ByteToMessageDecoder.channelRead(ByteToMessageDecoder.java:318) ~[server.jar:3.4.0-SNAPSHOT (git-21ecd344-b509)]
	at io.netty.channel.AbstractChannelHandlerContext.fireChannelRead(AbstractChannelHandlerContext.java:359) ~[server.jar:3.4.0-SNAPSHOT (git-21ecd344-b509)]
	at io.netty.channel.DefaultChannelPipeline$HeadContext.channelRead(DefaultChannelPipeline.java:1429) ~[server.jar:3.4.0-SNAPSHOT (git-21ecd344-b509)]
	at io.netty.channel.DefaultChannelPipeline.fireChannelRead(DefaultChannelPipeline.java:918) ~[server.jar:3.4.0-SNAPSHOT (git-21ecd344-b509)]
	at io.netty.channel.epoll.AbstractEpollStreamChannel$EpollStreamUnsafe.epollInReady(AbstractEpollStreamChannel.java:793) ~[server.jar:3.4.0-SNAPSHOT (git-21ecd344-b509)]
	at io.netty.channel.epoll.AbstractEpollChannel$AbstractEpollUnsafe.handle(AbstractEpollChannel.java:471) ~[server.jar:3.4.0-SNAPSHOT (git-21ecd344-b509)]
	at io.netty.channel.epoll.EpollIoHandler$DefaultEpollIoRegistration.handle(EpollIoHandler.java:307) ~[server.jar:3.4.0-SNAPSHOT (git-21ecd344-b509)]
	at io.netty.channel.epoll.EpollIoHandler.processReady(EpollIoHandler.java:489) ~[server.jar:3.4.0-SNAPSHOT (git-21ecd344-b509)]
	at io.netty.channel.epoll.EpollIoHandler.run(EpollIoHandler.java:444) ~[server.jar:3.4.0-SNAPSHOT (git-21ecd344-b509)]
	at io.netty.channel.SingleThreadIoEventLoop.runIo(SingleThreadIoEventLoop.java:204) ~[server.jar:3.4.0-SNAPSHOT (git-21ecd344-b509)]
	at io.netty.channel.SingleThreadIoEventLoop.run(SingleThreadIoEventLoop.java:175) ~[server.jar:3.4.0-SNAPSHOT (git-21ecd344-b509)]
	at io.netty.util.concurrent.SingleThreadEventExecutor$5.run(SingleThreadEventExecutor.java:1073) ~[server.jar:3.4.0-SNAPSHOT (git-21ecd344-b509)]
	at io.netty.util.internal.ThreadExecutorMap$2.run(ThreadExecutorMap.java:74) ~[server.jar:3.4.0-SNAPSHOT (git-21ecd344-b509)]
	at io.netty.util.concurrent.FastThreadLocalRunnable.run(FastThreadLocalRunnable.java:30) ~[server.jar:3.4.0-SNAPSHOT (git-21ecd344-b509)]
	at java.base/java.lang.Thread.run(Thread.java:1583) [?:?]
[00:45:29] [Netty epoll Worker #0/INFO] [com.velocitypowered.proxy.connection.MinecraftConnection]: [server connection] YeeVigg1211 -> survival has connected
[00:45:29] [Netty epoll Worker #0/ERROR] [com.velocitypowered.proxy.connection.MinecraftConnection]: [server connection] YeeVigg1211 -> survival: exception encountered in com.velocitypowered.proxy.connection.backend.LoginSessionHandler@1229fe91
java.lang.IllegalStateException: Backend server is online-mode!
	at com.velocitypowered.proxy.connection.backend.LoginSessionHandler.handle(LoginSessionHandler.java:79) ~[server.jar:3.4.0-SNAPSHOT (git-21ecd344-b509)]
	at com.velocitypowered.proxy.protocol.packet.EncryptionRequestPacket.handle(EncryptionRequestPacket.java:94) ~[server.jar:3.4.0-SNAPSHOT (git-21ecd344-b509)]
	at com.velocitypowered.proxy.connection.MinecraftConnection.channelRead(MinecraftConnection.java:155) ~[server.jar:3.4.0-SNAPSHOT (git-21ecd344-b509)]
	at io.netty.channel.AbstractChannelHandlerContext.fireChannelRead(AbstractChannelHandlerContext.java:359) ~[server.jar:3.4.0-SNAPSHOT (git-21ecd344-b509)]
	at com.velocitypowered.proxy.protocol.netty.AutoReadHolderHandler.channelRead(AutoReadHolderHandler.java:57) ~[server.jar:3.4.0-SNAPSHOT (git-21ecd344-b509)]
	at io.netty.channel.AbstractChannelHandlerContext.fireChannelRead(AbstractChannelHandlerContext.java:357) ~[server.jar:3.4.0-SNAPSHOT (git-21ecd344-b509)]
	at com.velocitypowered.proxy.protocol.netty.MinecraftDecoder.tryDecode(MinecraftDecoder.java:91) ~[server.jar:3.4.0-SNAPSHOT (git-21ecd344-b509)]
	at com.velocitypowered.proxy.protocol.netty.MinecraftDecoder.channelRead(MinecraftDecoder.java:60) ~[server.jar:3.4.0-SNAPSHOT (git-21ecd344-b509)]
	at io.netty.channel.AbstractChannelHandlerContext.fireChannelRead(AbstractChannelHandlerContext.java:359) ~[server.jar:3.4.0-SNAPSHOT (git-21ecd344-b509)]
	at io.netty.handler.timeout.IdleStateHandler.channelRead(IdleStateHandler.java:289) ~[server.jar:3.4.0-SNAPSHOT (git-21ecd344-b509)]
	at io.netty.channel.AbstractChannelHandlerContext.fireChannelRead(AbstractChannelHandlerContext.java:357) ~[server.jar:3.4.0-SNAPSHOT (git-21ecd344-b509)]
	at io.netty.handler.codec.ByteToMessageDecoder.fireChannelRead(ByteToMessageDecoder.java:346) ~[server.jar:3.4.0-SNAPSHOT (git-21ecd344-b509)]
	at io.netty.handler.codec.ByteToMessageDecoder.channelRead(ByteToMessageDecoder.java:318) ~[server.jar:3.4.0-SNAPSHOT (git-21ecd344-b509)]
	at io.netty.channel.AbstractChannelHandlerContext.fireChannelRead(AbstractChannelHandlerContext.java:359) ~[server.jar:3.4.0-SNAPSHOT (git-21ecd344-b509)]
	at io.netty.channel.DefaultChannelPipeline$HeadContext.channelRead(DefaultChannelPipeline.java:1429) ~[server.jar:3.4.0-SNAPSHOT (git-21ecd344-b509)]
	at io.netty.channel.DefaultChannelPipeline.fireChannelRead(DefaultChannelPipeline.java:918) ~[server.jar:3.4.0-SNAPSHOT (git-21ecd344-b509)]
	at io.netty.channel.epoll.AbstractEpollStreamChannel$EpollStreamUnsafe.epollInReady(AbstractEpollStreamChannel.java:793) ~[server.jar:3.4.0-SNAPSHOT (git-21ecd344-b509)]
	at io.netty.channel.epoll.AbstractEpollChannel$AbstractEpollUnsafe.handle(AbstractEpollChannel.java:471) ~[server.jar:3.4.0-SNAPSHOT (git-21ecd344-b509)]
	at io.netty.channel.epoll.EpollIoHandler$DefaultEpollIoRegistration.handle(EpollIoHandler.java:307) ~[server.jar:3.4.0-SNAPSHOT (git-21ecd344-b509)]
	at io.netty.channel.epoll.EpollIoHandler.processReady(EpollIoHandler.java:489) ~[server.jar:3.4.0-SNAPSHOT (git-21ecd344-b509)]
	at io.netty.channel.epoll.EpollIoHandler.run(EpollIoHandler.java:444) ~[server.jar:3.4.0-SNAPSHOT (git-21ecd344-b509)]
	at io.netty.channel.SingleThreadIoEventLoop.runIo(SingleThreadIoEventLoop.java:204) ~[server.jar:3.4.0-SNAPSHOT (git-21ecd344-b509)]
	at io.netty.channel.SingleThreadIoEventLoop.run(SingleThreadIoEventLoop.java:175) ~[server.jar:3.4.0-SNAPSHOT (git-21ecd344-b509)]
	at io.netty.util.concurrent.SingleThreadEventExecutor$5.run(SingleThreadEventExecutor.java:1073) ~[server.jar:3.4.0-SNAPSHOT (git-21ecd344-b509)]
	at io.netty.util.internal.ThreadExecutorMap$2.run(ThreadExecutorMap.java:74) ~[server.jar:3.4.0-SNAPSHOT (git-21ecd344-b509)]
	at io.netty.util.concurrent.FastThreadLocalRunnable.run(FastThreadLocalRunnable.java:30) ~[server.jar:3.4.0-SNAPSHOT (git-21ecd344-b509)]
	at java.base/java.lang.Thread.run(Thread.java:1583) [?:?]
[00:45:29] [Netty epoll Worker #0/INFO] [com.velocitypowered.proxy.connection.MinecraftConnection]: [server connection] YeeVigg1211 -> survival has disconnected
[00:45:29] [Netty epoll Worker #0/ERROR] [com.velocitypowered.proxy.connection.client.ConnectedPlayer]: [connected player] YeeVigg1211 (/[0:0:0:0:0:0:0:1]:56020): unable to connect to server survival
java.lang.IllegalStateException: Backend server is online-mode!
	at com.velocitypowered.proxy.connection.backend.LoginSessionHandler.handle(LoginSessionHandler.java:79) ~[server.jar:3.4.0-SNAPSHOT (git-21ecd344-b509)]
	at com.velocitypowered.proxy.protocol.packet.EncryptionRequestPacket.handle(EncryptionRequestPacket.java:94) ~[server.jar:3.4.0-SNAPSHOT (git-21ecd344-b509)]
	at com.velocitypowered.proxy.connection.MinecraftConnection.channelRead(MinecraftConnection.java:155) ~[server.jar:3.4.0-SNAPSHOT (git-21ecd344-b509)]
	at io.netty.channel.AbstractChannelHandlerContext.fireChannelRead(AbstractChannelHandlerContext.java:359) ~[server.jar:3.4.0-SNAPSHOT (git-21ecd344-b509)]
	at com.velocitypowered.proxy.protocol.netty.AutoReadHolderHandler.channelRead(AutoReadHolderHandler.java:57) ~[server.jar:3.4.0-SNAPSHOT (git-21ecd344-b509)]
	at io.netty.channel.AbstractChannelHandlerContext.fireChannelRead(AbstractChannelHandlerContext.java:357) ~[server.jar:3.4.0-SNAPSHOT (git-21ecd344-b509)]
	at com.velocitypowered.proxy.protocol.netty.MinecraftDecoder.tryDecode(MinecraftDecoder.java:91) ~[server.jar:3.4.0-SNAPSHOT (git-21ecd344-b509)]
	at com.velocitypowered.proxy.protocol.netty.MinecraftDecoder.channelRead(MinecraftDecoder.java:60) ~[server.jar:3.4.0-SNAPSHOT (git-21ecd344-b509)]
	at io.netty.channel.AbstractChannelHandlerContext.fireChannelRead(AbstractChannelHandlerContext.java:359) ~[server.jar:3.4.0-SNAPSHOT (git-21ecd344-b509)]
	at io.netty.handler.timeout.IdleStateHandler.channelRead(IdleStateHandler.java:289) ~[server.jar:3.4.0-SNAPSHOT (git-21ecd344-b509)]
	at io.netty.channel.AbstractChannelHandlerContext.fireChannelRead(AbstractChannelHandlerContext.java:357) ~[server.jar:3.4.0-SNAPSHOT (git-21ecd344-b509)]
	at io.netty.handler.codec.ByteToMessageDecoder.fireChannelRead(ByteToMessageDecoder.java:346) ~[server.jar:3.4.0-SNAPSHOT (git-21ecd344-b509)]
	at io.netty.handler.codec.ByteToMessageDecoder.channelRead(ByteToMessageDecoder.java:318) ~[server.jar:3.4.0-SNAPSHOT (git-21ecd344-b509)]
	at io.netty.channel.AbstractChannelHandlerContext.fireChannelRead(AbstractChannelHandlerContext.java:359) ~[server.jar:3.4.0-SNAPSHOT (git-21ecd344-b509)]
	at io.netty.channel.DefaultChannelPipeline$HeadContext.channelRead(DefaultChannelPipeline.java:1429) ~[server.jar:3.4.0-SNAPSHOT (git-21ecd344-b509)]
	at io.netty.channel.DefaultChannelPipeline.fireChannelRead(DefaultChannelPipeline.java:918) ~[server.jar:3.4.0-SNAPSHOT (git-21ecd344-b509)]
	at io.netty.channel.epoll.AbstractEpollStreamChannel$EpollStreamUnsafe.epollInReady(AbstractEpollStreamChannel.java:793) ~[server.jar:3.4.0-SNAPSHOT (git-21ecd344-b509)]
	at io.netty.channel.epoll.AbstractEpollChannel$AbstractEpollUnsafe.handle(AbstractEpollChannel.java:471) ~[server.jar:3.4.0-SNAPSHOT (git-21ecd344-b509)]
	at io.netty.channel.epoll.EpollIoHandler$DefaultEpollIoRegistration.handle(EpollIoHandler.java:307) ~[server.jar:3.4.0-SNAPSHOT (git-21ecd344-b509)]
	at io.netty.channel.epoll.EpollIoHandler.processReady(EpollIoHandler.java:489) ~[server.jar:3.4.0-SNAPSHOT (git-21ecd344-b509)]
	at io.netty.channel.epoll.EpollIoHandler.run(EpollIoHandler.java:444) ~[server.jar:3.4.0-SNAPSHOT (git-21ecd344-b509)]
	at io.netty.channel.SingleThreadIoEventLoop.runIo(SingleThreadIoEventLoop.java:204) ~[server.jar:3.4.0-SNAPSHOT (git-21ecd344-b509)]
	at io.netty.channel.SingleThreadIoEventLoop.run(SingleThreadIoEventLoop.java:175) ~[server.jar:3.4.0-SNAPSHOT (git-21ecd344-b509)]
	at io.netty.util.concurrent.SingleThreadEventExecutor$5.run(SingleThreadEventExecutor.java:1073) ~[server.jar:3.4.0-SNAPSHOT (git-21ecd344-b509)]
	at io.netty.util.internal.ThreadExecutorMap$2.run(ThreadExecutorMap.java:74) ~[server.jar:3.4.0-SNAPSHOT (git-21ecd344-b509)]
	at io.netty.util.concurrent.FastThreadLocalRunnable.run(FastThreadLocalRunnable.java:30) ~[server.jar:3.4.0-SNAPSHOT (git-21ecd344-b509)]
	at java.base/java.lang.Thread.run(Thread.java:1583) [?:?]
[00:45:33] [Netty epoll Worker #0/INFO] [com.velocitypowered.proxy.connection.MinecraftConnection]: [connected player] YeeVigg1211 (/[0:0:0:0:0:0:0:1]:56020) has disconnected
[00:45:33] [Netty epoll Worker #0/INFO] [com.velocitypowered.proxy.connection.MinecraftConnection]: [server connection] YeeVigg1211 -> limbo has disconnected
[00:45:35] [Netty epoll Worker #3/INFO] [com.velocitypowered.proxy.connection.client.AuthSessionHandler]: [connected player] YeeVigg1211 (/[0:0:0:0:0:0:0:1]:56474) has connected
[00:45:35] [Netty epoll Worker #3/INFO] [com.velocitypowered.proxy.connection.MinecraftConnection]: [server connection] YeeVigg1211 -> limbo has connected
[00:45:38] [nLogin - Task Executor #6/INFO] [nlogin]: The user YeeVigg1211 has successfully logged in.
[00:45:39] [Netty epoll Worker #3/INFO] [com.velocitypowered.proxy.connection.MinecraftConnection]: [server connection] YeeVigg1211 -> survival has connected
[00:45:39] [Netty epoll Worker #3/ERROR] [com.velocitypowered.proxy.connection.MinecraftConnection]: [server connection] YeeVigg1211 -> survival: exception encountered in com.velocitypowered.proxy.connection.backend.LoginSessionHandler@391244f1
java.lang.IllegalStateException: Backend server is online-mode!
	at com.velocitypowered.proxy.connection.backend.LoginSessionHandler.handle(LoginSessionHandler.java:79) ~[server.jar:3.4.0-SNAPSHOT (git-21ecd344-b509)]
	at com.velocitypowered.proxy.protocol.packet.EncryptionRequestPacket.handle(EncryptionRequestPacket.java:94) ~[server.jar:3.4.0-SNAPSHOT (git-21ecd344-b509)]
	at com.velocitypowered.proxy.connection.MinecraftConnection.channelRead(MinecraftConnection.java:155) ~[server.jar:3.4.0-SNAPSHOT (git-21ecd344-b509)]
	at io.netty.channel.AbstractChannelHandlerContext.fireChannelRead(AbstractChannelHandlerContext.java:359) ~[server.jar:3.4.0-SNAPSHOT (git-21ecd344-b509)]
	at com.velocitypowered.proxy.protocol.netty.AutoReadHolderHandler.channelRead(AutoReadHolderHandler.java:57) ~[server.jar:3.4.0-SNAPSHOT (git-21ecd344-b509)]
	at io.netty.channel.AbstractChannelHandlerContext.fireChannelRead(AbstractChannelHandlerContext.java:357) ~[server.jar:3.4.0-SNAPSHOT (git-21ecd344-b509)]
	at com.velocitypowered.proxy.protocol.netty.MinecraftDecoder.tryDecode(MinecraftDecoder.java:91) ~[server.jar:3.4.0-SNAPSHOT (git-21ecd344-b509)]
	at com.velocitypowered.proxy.protocol.netty.MinecraftDecoder.channelRead(MinecraftDecoder.java:60) ~[server.jar:3.4.0-SNAPSHOT (git-21ecd344-b509)]
	at io.netty.channel.AbstractChannelHandlerContext.fireChannelRead(AbstractChannelHandlerContext.java:359) ~[server.jar:3.4.0-SNAPSHOT (git-21ecd344-b509)]
	at io.netty.handler.timeout.IdleStateHandler.channelRead(IdleStateHandler.java:289) ~[server.jar:3.4.0-SNAPSHOT (git-21ecd344-b509)]
	at io.netty.channel.AbstractChannelHandlerContext.fireChannelRead(AbstractChannelHandlerContext.java:357) ~[server.jar:3.4.0-SNAPSHOT (git-21ecd344-b509)]
	at io.netty.handler.codec.ByteToMessageDecoder.fireChannelRead(ByteToMessageDecoder.java:346) ~[server.jar:3.4.0-SNAPSHOT (git-21ecd344-b509)]
	at io.netty.handler.codec.ByteToMessageDecoder.channelRead(ByteToMessageDecoder.java:318) ~[server.jar:3.4.0-SNAPSHOT (git-21ecd344-b509)]
	at io.netty.channel.AbstractChannelHandlerContext.fireChannelRead(AbstractChannelHandlerContext.java:359) ~[server.jar:3.4.0-SNAPSHOT (git-21ecd344-b509)]
	at io.netty.channel.DefaultChannelPipeline$HeadContext.channelRead(DefaultChannelPipeline.java:1429) ~[server.jar:3.4.0-SNAPSHOT (git-21ecd344-b509)]
	at io.netty.channel.DefaultChannelPipeline.fireChannelRead(DefaultChannelPipeline.java:918) ~[server.jar:3.4.0-SNAPSHOT (git-21ecd344-b509)]
	at io.netty.channel.epoll.AbstractEpollStreamChannel$EpollStreamUnsafe.epollInReady(AbstractEpollStreamChannel.java:793) ~[server.jar:3.4.0-SNAPSHOT (git-21ecd344-b509)]
	at io.netty.channel.epoll.AbstractEpollChannel$AbstractEpollUnsafe.handle(AbstractEpollChannel.java:471) ~[server.jar:3.4.0-SNAPSHOT (git-21ecd344-b509)]
	at io.netty.channel.epoll.EpollIoHandler$DefaultEpollIoRegistration.handle(EpollIoHandler.java:307) ~[server.jar:3.4.0-SNAPSHOT (git-21ecd344-b509)]
	at io.netty.channel.epoll.EpollIoHandler.processReady(EpollIoHandler.java:489) ~[server.jar:3.4.0-SNAPSHOT (git-21ecd344-b509)]
	at io.netty.channel.epoll.EpollIoHandler.run(EpollIoHandler.java:444) ~[server.jar:3.4.0-SNAPSHOT (git-21ecd344-b509)]
	at io.netty.channel.SingleThreadIoEventLoop.runIo(SingleThreadIoEventLoop.java:204) ~[server.jar:3.4.0-SNAPSHOT (git-21ecd344-b509)]
	at io.netty.channel.SingleThreadIoEventLoop.run(SingleThreadIoEventLoop.java:175) ~[server.jar:3.4.0-SNAPSHOT (git-21ecd344-b509)]
	at io.netty.util.concurrent.SingleThreadEventExecutor$5.run(SingleThreadEventExecutor.java:1073) ~[server.jar:3.4.0-SNAPSHOT (git-21ecd344-b509)]
	at io.netty.util.internal.ThreadExecutorMap$2.run(ThreadExecutorMap.java:74) ~[server.jar:3.4.0-SNAPSHOT (git-21ecd344-b509)]
	at io.netty.util.concurrent.FastThreadLocalRunnable.run(FastThreadLocalRunnable.java:30) ~[server.jar:3.4.0-SNAPSHOT (git-21ecd344-b509)]
	at java.base/java.lang.Thread.run(Thread.java:1583) [?:?]
[00:45:39] [Netty epoll Worker #3/INFO] [com.velocitypowered.proxy.connection.MinecraftConnection]: [server connection] YeeVigg1211 -> survival has disconnected
[00:45:39] [Netty epoll Worker #3/ERROR] [com.velocitypowered.proxy.connection.client.ConnectedPlayer]: [connected player] YeeVigg1211 (/[0:0:0:0:0:0:0:1]:56474): unable to connect to server survival
java.lang.IllegalStateException: Backend server is online-mode!
	at com.velocitypowered.proxy.connection.backend.LoginSessionHandler.handle(LoginSessionHandler.java:79) ~[server.jar:3.4.0-SNAPSHOT (git-21ecd344-b509)]
	at com.velocitypowered.proxy.protocol.packet.EncryptionRequestPacket.handle(EncryptionRequestPacket.java:94) ~[server.jar:3.4.0-SNAPSHOT (git-21ecd344-b509)]
	at com.velocitypowered.proxy.connection.MinecraftConnection.channelRead(MinecraftConnection.java:155) ~[server.jar:3.4.0-SNAPSHOT (git-21ecd344-b509)]
	at io.netty.channel.AbstractChannelHandlerContext.fireChannelRead(AbstractChannelHandlerContext.java:359) ~[server.jar:3.4.0-SNAPSHOT (git-21ecd344-b509)]
	at com.velocitypowered.proxy.protocol.netty.AutoReadHolderHandler.channelRead(AutoReadHolderHandler.java:57) ~[server.jar:3.4.0-SNAPSHOT (git-21ecd344-b509)]
	at io.netty.channel.AbstractChannelHandlerContext.fireChannelRead(AbstractChannelHandlerContext.java:357) ~[server.jar:3.4.0-SNAPSHOT (git-21ecd344-b509)]
	at com.velocitypowered.proxy.protocol.netty.MinecraftDecoder.tryDecode(MinecraftDecoder.java:91) ~[server.jar:3.4.0-SNAPSHOT (git-21ecd344-b509)]
	at com.velocitypowered.proxy.protocol.netty.MinecraftDecoder.channelRead(MinecraftDecoder.java:60) ~[server.jar:3.4.0-SNAPSHOT (git-21ecd344-b509)]
	at io.netty.channel.AbstractChannelHandlerContext.fireChannelRead(AbstractChannelHandlerContext.java:359) ~[server.jar:3.4.0-SNAPSHOT (git-21ecd344-b509)]
	at io.netty.handler.timeout.IdleStateHandler.channelRead(IdleStateHandler.java:289) ~[server.jar:3.4.0-SNAPSHOT (git-21ecd344-b509)]
	at io.netty.channel.AbstractChannelHandlerContext.fireChannelRead(AbstractChannelHandlerContext.java:357) ~[server.jar:3.4.0-SNAPSHOT (git-21ecd344-b509)]
	at io.netty.handler.codec.ByteToMessageDecoder.fireChannelRead(ByteToMessageDecoder.java:346) ~[server.jar:3.4.0-SNAPSHOT (git-21ecd344-b509)]
	at io.netty.handler.codec.ByteToMessageDecoder.channelRead(ByteToMessageDecoder.java:318) ~[server.jar:3.4.0-SNAPSHOT (git-21ecd344-b509)]
	at io.netty.channel.AbstractChannelHandlerContext.fireChannelRead(AbstractChannelHandlerContext.java:359) ~[server.jar:3.4.0-SNAPSHOT (git-21ecd344-b509)]
	at io.netty.channel.DefaultChannelPipeline$HeadContext.channelRead(DefaultChannelPipeline.java:1429) ~[server.jar:3.4.0-SNAPSHOT (git-21ecd344-b509)]
	at io.netty.channel.DefaultChannelPipeline.fireChannelRead(DefaultChannelPipeline.java:918) ~[server.jar:3.4.0-SNAPSHOT (git-21ecd344-b509)]
	at io.netty.channel.epoll.AbstractEpollStreamChannel$EpollStreamUnsafe.epollInReady(AbstractEpollStreamChannel.java:793) ~[server.jar:3.4.0-SNAPSHOT (git-21ecd344-b509)]
	at io.netty.channel.epoll.AbstractEpollChannel$AbstractEpollUnsafe.handle(AbstractEpollChannel.java:471) ~[server.jar:3.4.0-SNAPSHOT (git-21ecd344-b509)]
	at io.netty.channel.epoll.EpollIoHandler$DefaultEpollIoRegistration.handle(EpollIoHandler.java:307) ~[server.jar:3.4.0-SNAPSHOT (git-21ecd344-b509)]
	at io.netty.channel.epoll.EpollIoHandler.processReady(EpollIoHandler.java:489) ~[server.jar:3.4.0-SNAPSHOT (git-21ecd344-b509)]
	at io.netty.channel.epoll.EpollIoHandler.run(EpollIoHandler.java:444) ~[server.jar:3.4.0-SNAPSHOT (git-21ecd344-b509)]
	at io.netty.channel.SingleThreadIoEventLoop.runIo(SingleThreadIoEventLoop.java:204) ~[server.jar:3.4.0-SNAPSHOT (git-21ecd344-b509)]
	at io.netty.channel.SingleThreadIoEventLoop.run(SingleThreadIoEventLoop.java:175) ~[server.jar:3.4.0-SNAPSHOT (git-21ecd344-b509)]
	at io.netty.util.concurrent.SingleThreadEventExecutor$5.run(SingleThreadEventExecutor.java:1073) ~[server.jar:3.4.0-SNAPSHOT (git-21ecd344-b509)]
	at io.netty.util.internal.ThreadExecutorMap$2.run(ThreadExecutorMap.java:74) ~[server.jar:3.4.0-SNAPSHOT (git-21ecd344-b509)]
	at io.netty.util.concurrent.FastThreadLocalRunnable.run(FastThreadLocalRunnable.java:30) ~[server.jar:3.4.0-SNAPSHOT (git-21ecd344-b509)]
	at java.base/java.lang.Thread.run(Thread.java:1583) [?:?]
[00:45:42] [Netty epoll Worker #3/INFO] [com.velocitypowered.proxy.connection.MinecraftConnection]: [connected player] YeeVigg1211 (/[0:0:0:0:0:0:0:1]:56474) has disconnected
[00:45:42] [Netty epoll Worker #3/INFO] [com.velocitypowered.proxy.connection.MinecraftConnection]: [server connection] YeeVigg1211 -> limbo has disconnected
[00:48:06] [Netty epoll Worker #1/INFO] [com.velocitypowered.proxy.connection.client.AuthSessionHandler]: [connected player] YeeVigg1211 (/[0:0:0:0:0:0:0:1]:41214) has connected
[00:48:06] [Netty epoll Worker #1/INFO] [com.velocitypowered.proxy.connection.MinecraftConnection]: [server connection] YeeVigg1211 -> limbo has connected
[00:48:09] [nLogin - Task Executor #7/INFO] [nlogin]: The user YeeVigg1211 has successfully logged in.
[00:48:09] [Netty epoll Worker #1/INFO] [com.velocitypowered.proxy.connection.MinecraftConnection]: [server connection] YeeVigg1211 -> survival has connected
[00:48:11] [Netty epoll Worker #1/INFO] [com.velocitypowered.proxy.connection.MinecraftConnection]: [server connection] YeeVigg1211 -> survival has disconnected
[00:48:11] [Netty epoll Worker #1/ERROR] [com.velocitypowered.proxy.connection.client.ConnectedPlayer]: [connected player] YeeVigg1211 (/[0:0:0:0:0:0:0:1]:41214): disconnected while connecting to survival: Unknown data in login hostname, did you forget to enable BungeeCord in spigot.yml?
[00:48:16] [Netty epoll Worker #1/INFO] [com.velocitypowered.proxy.connection.MinecraftConnection]: [server connection] YeeVigg1211 -> survival has connected
[00:48:16] [Netty epoll Worker #1/INFO] [com.velocitypowered.proxy.connection.MinecraftConnection]: [server connection] YeeVigg1211 -> survival has disconnected
[00:48:16] [Netty epoll Worker #1/ERROR] [com.velocitypowered.proxy.connection.client.ConnectedPlayer]: [connected player] YeeVigg1211 (/[0:0:0:0:0:0:0:1]:41214): disconnected while connecting to survival: Unknown data in login hostname, did you forget to enable BungeeCord in spigot.yml?
[00:48:21] [Netty epoll Worker #1/INFO] [com.velocitypowered.proxy.connection.MinecraftConnection]: [server connection] YeeVigg1211 -> survival has connected
[00:48:21] [Netty epoll Worker #1/INFO] [com.velocitypowered.proxy.connection.MinecraftConnection]: [server connection] YeeVigg1211 -> survival has disconnected
[00:48:21] [Netty epoll Worker #1/ERROR] [com.velocitypowered.proxy.connection.client.ConnectedPlayer]: [connected player] YeeVigg1211 (/[0:0:0:0:0:0:0:1]:41214): disconnected while connecting to survival: Unknown data in login hostname, did you forget to enable BungeeCord in spigot.yml?
[00:48:26] [Netty epoll Worker #1/ERROR] [com.velocitypowered.proxy.connection.client.ConnectedPlayer]: [connected player] YeeVigg1211 (/[0:0:0:0:0:0:0:1]:41214): unable to connect to server survival
io.netty.channel.AbstractChannel$AnnotatedConnectException: finishConnect(..) failed: Connection refused: /127.0.0.1:25565
Caused by: java.net.ConnectException: finishConnect(..) failed: Connection refused
	at io.netty.channel.unix.Errors.newConnectException0(Errors.java:166) ~[server.jar:3.4.0-SNAPSHOT (git-21ecd344-b509)]
	at io.netty.channel.unix.Errors.handleConnectErrno(Errors.java:131) ~[server.jar:3.4.0-SNAPSHOT (git-21ecd344-b509)]
	at io.netty.channel.unix.Socket.finishConnect(Socket.java:360) ~[server.jar:3.4.0-SNAPSHOT (git-21ecd344-b509)]
	at io.netty.channel.epoll.AbstractEpollChannel$AbstractEpollUnsafe.doFinishConnect(AbstractEpollChannel.java:750) ~[server.jar:3.4.0-SNAPSHOT (git-21ecd344-b509)]
	at io.netty.channel.epoll.AbstractEpollChannel$AbstractEpollUnsafe.finishConnect(AbstractEpollChannel.java:727) ~[server.jar:3.4.0-SNAPSHOT (git-21ecd344-b509)]
	at io.netty.channel.epoll.AbstractEpollChannel$AbstractEpollUnsafe.epollOutReady(AbstractEpollChannel.java:600) ~[server.jar:3.4.0-SNAPSHOT (git-21ecd344-b509)]
	at io.netty.channel.epoll.AbstractEpollChannel$AbstractEpollUnsafe.handle(AbstractEpollChannel.java:461) ~[server.jar:3.4.0-SNAPSHOT (git-21ecd344-b509)]
	at io.netty.channel.epoll.EpollIoHandler$DefaultEpollIoRegistration.handle(EpollIoHandler.java:307) ~[server.jar:3.4.0-SNAPSHOT (git-21ecd344-b509)]
	at io.netty.channel.epoll.EpollIoHandler.processReady(EpollIoHandler.java:489) ~[server.jar:3.4.0-SNAPSHOT (git-21ecd344-b509)]
	at io.netty.channel.epoll.EpollIoHandler.run(EpollIoHandler.java:444) ~[server.jar:3.4.0-SNAPSHOT (git-21ecd344-b509)]
	at io.netty.channel.SingleThreadIoEventLoop.runIo(SingleThreadIoEventLoop.java:204) ~[server.jar:3.4.0-SNAPSHOT (git-21ecd344-b509)]
	at io.netty.channel.SingleThreadIoEventLoop.run(SingleThreadIoEventLoop.java:175) ~[server.jar:3.4.0-SNAPSHOT (git-21ecd344-b509)]
	at io.netty.util.concurrent.SingleThreadEventExecutor$5.run(SingleThreadEventExecutor.java:1073) ~[server.jar:3.4.0-SNAPSHOT (git-21ecd344-b509)]
	at io.netty.util.internal.ThreadExecutorMap$2.run(ThreadExecutorMap.java:74) ~[server.jar:3.4.0-SNAPSHOT (git-21ecd344-b509)]
	at io.netty.util.concurrent.FastThreadLocalRunnable.run(FastThreadLocalRunnable.java:30) ~[server.jar:3.4.0-SNAPSHOT (git-21ecd344-b509)]
	at java.base/java.lang.Thread.run(Thread.java:1583) [?:?]
[00:48:29] [Netty epoll Worker #1/INFO] [com.velocitypowered.proxy.connection.MinecraftConnection]: [connected player] YeeVigg1211 (/[0:0:0:0:0:0:0:1]:41214) has disconnected
[00:48:29] [Netty epoll Worker #1/INFO] [com.velocitypowered.proxy.connection.MinecraftConnection]: [server connection] YeeVigg1211 -> limbo has disconnected
[00:50:38] [Netty epoll Worker #3/INFO] [com.velocitypowered.proxy.connection.client.AuthSessionHandler]: [connected player] YeeVigg1211 (/[0:0:0:0:0:0:0:1]:33756) has connected
[00:50:38] [Netty epoll Worker #3/INFO] [com.velocitypowered.proxy.connection.MinecraftConnection]: [server connection] YeeVigg1211 -> limbo has connected
[00:50:41] [nLogin - Task Executor #9/INFO] [nlogin]: The user YeeVigg1211 has successfully logged in.
[00:50:41] [Netty epoll Worker #3/INFO] [com.velocitypowered.proxy.connection.MinecraftConnection]: [server connection] YeeVigg1211 -> survival has connected
[00:50:45] [Netty epoll Worker #3/INFO] [com.velocitypowered.proxy.connection.MinecraftConnection]: [server connection] YeeVigg1211 -> limbo has disconnected
[00:52:13] [Netty epoll Worker #3/INFO] [com.velocitypowered.proxy.connection.client.ConnectedPlayer]: [connected player] YeeVigg1211 (/[0:0:0:0:0:0:0:1]:33756): kicked from server survival:  OFF! NETWORK DOWN! 

Sorry for the inconviniences
our network seems down! we will back soon
CAN BE EDITED IN BUKKIT.YML!
[00:52:13] [Netty epoll Worker #3/INFO] [com.velocitypowered.proxy.connection.MinecraftConnection]: [server connection] YeeVigg1211 -> survival has disconnected
[00:52:13] [Netty epoll Worker #3/INFO] [com.velocitypowered.proxy.connection.MinecraftConnection]: [server connection] YeeVigg1211 -> limbo has connected
[00:52:17] [Netty epoll Worker #3/INFO] [com.velocitypowered.proxy.connection.MinecraftConnection]: [connected player] YeeVigg1211 (/[0:0:0:0:0:0:0:1]:33756) has disconnected
[00:52:17] [Netty epoll Worker #3/INFO] [com.velocitypowered.proxy.connection.MinecraftConnection]: [server connection] YeeVigg1211 -> limbo has disconnected
[00:53:08] [Thread-20/INFO] [com.velocitypowered.proxy.VelocityServer]: Shutting down the proxy...
[00:53:08] [Thread-20/INFO] [com.velocitypowered.proxy.network.ConnectionManager]: Closing endpoint /0.0.0.0:25566
[00:53:08] [EaglercraftXServer - Task Executor #3/INFO] [eaglerxserver]: Disabling EaglercraftXServer 1.0.6...
[00:53:08] [EaglercraftXServer - Task Executor #3/INFO] [eaglerxserver]: Disconnecting from skin cache database "jdbc:sqlite:eagler_skins_cache.db"...
[00:53:08] [EaglercraftXServer - Task Executor #3/INFO] [eaglerxserver]: Disconnected from skin cache database successfully!
[00:53:08] [EaglercraftXServer - Task Executor #3/INFO] [nlogin]: Successful plugin core shutdown (took 0.00s)
